SF:lib\core\failures\app_failure.dart
DA:12,25
DA:25,23
DA:26,32
DA:27,34
DA:28,30
DA:29,16
DA:30,10
DA:31,14
LF:8
LH:8
end_of_record
SF:lib\features\app_shell\data\app_shell_repository_prefs.dart
DA:11,3
DA:13,1
DA:16,2
DA:17,1
DA:18,2
DA:20,0
DA:24,1
DA:27,3
DA:28,1
DA:30,0
DA:35,12
DA:36,12
DA:37,6
DA:40,27
DA:41,18
DA:42,2
DA:43,6
DA:48,6
DA:50,2
DA:55,6
DA:56,12
DA:57,2
DA:59,2
DA:60,2
LF:24
LH:22
end_of_record
SF:lib\features\app_shell\domain\entities\app_tab.dart
DA:5,8
DA:6,1
DA:7,1
DA:8,1
DA:9,0
DA:10,0
LF:6
LH:4
end_of_record
SF:lib\features\app_shell\domain\usecases\get_last_active_tab_use_case.dart
DA:8,8
DA:10,24
LF:2
LH:2
end_of_record
SF:lib\features\app_shell\domain\usecases\set_last_active_tab_use_case.dart
DA:7,4
DA:9,4
DA:10,8
LF:3
LH:3
end_of_record
SF:lib\features\app_shell\presentation\app_shell.dart
DA:11,14
DA:12,14
DA:13,21
DA:15,6
DA:16,6
DA:17,9
DA:20,14
DA:21,14
DA:22,7
DA:26,14
DA:28,7
DA:31,7
DA:32,7
DA:33,28
DA:34,7
DA:35,0
DA:36,7
DA:37,14
DA:38,6
DA:44,3
DA:45,3
DA:46,12
DA:52,6
DA:55,6
DA:56,12
DA:57,4
DA:58,2
DA:59,0
DA:63,2
DA:64,2
DA:65,2
DA:66,1
DA:67,0
DA:71,6
DA:73,12
DA:74,18
DA:76,6
DA:77,6
DA:78,6
DA:80,6
DA:85,6
DA:91,2
DA:92,2
DA:93,8
DA:97,2
DA:102,2
DA:104,2
DA:105,0
DA:107,2
DA:108,1
DA:110,1
DA:111,2
DA:114,0
DA:115,0
DA:120,6
DA:123,2
DA:124,2
DA:125,2
DA:126,2
DA:130,2
DA:131,2
DA:132,2
DA:133,4
DA:134,4
DA:135,4
DA:136,2
DA:141,4
DA:147,5
DA:148,5
DA:149,5
DA:151,5
DA:154,5
DA:155,5
DA:156,5
DA:157,10
DA:158,10
DA:159,5
DA:165,5
DA:166,1
DA:168,1
DA:169,1
DA:173,5
DA:180,6
LF:83
LH:77
end_of_record
SF:lib\features\responsive\presentation\widgets\min_tap_target.dart
DA:5,6
DA:21,6
DA:23,6
DA:24,6
DA:25,6
DA:26,6
DA:28,6
DA:36,6
DA:40,6
DA:50,1
DA:70,1
DA:72,1
DA:73,1
DA:74,1
DA:75,1
DA:76,1
DA:77,1
DA:78,3
DA:80,1
DA:88,1
DA:108,1
DA:110,1
DA:111,1
DA:112,1
DA:113,1
DA:114,1
DA:115,1
DA:116,1
DA:117,1
DA:118,1
LF:30
LH:30
end_of_record
SF:lib\core\theme\app_theme.dart
DA:11,12
DA:17,6
DA:23,3
DA:26,1
DA:33,3
DA:36,1
DA:122,8
DA:124,4
DA:126,4
DA:127,8
DA:128,8
DA:132,4
DA:133,8
DA:134,8
DA:135,6
DA:136,2
DA:137,4
DA:138,4
DA:141,4
DA:142,4
DA:146,4
DA:147,8
DA:148,8
DA:149,4
DA:150,8
DA:152,4
DA:153,8
DA:155,8
DA:156,8
DA:158,8
DA:159,8
DA:162,4
DA:163,8
DA:164,8
DA:166,4
DA:167,4
DA:168,8
DA:169,8
DA:175,4
DA:177,2
DA:179,2
DA:180,4
DA:181,4
DA:185,2
DA:186,4
DA:187,4
DA:188,2
DA:189,0
DA:190,0
DA:191,0
DA:194,0
DA:195,0
DA:199,2
DA:200,4
DA:201,4
DA:202,2
DA:203,4
DA:205,2
DA:206,4
DA:208,4
DA:209,4
DA:211,4
DA:212,4
DA:215,2
DA:216,4
DA:217,4
DA:219,2
DA:220,2
DA:221,4
DA:222,4
DA:228,3
DA:229,1
DA:233,3
DA:234,1
LF:74
LH:69
end_of_record
SF:lib\core\telemetry\telemetry_service.dart
DA:9,5
DA:13,15
DA:17,23
DA:18,5
LF:4
LH:4
end_of_record
SF:lib\features\capture_hit\domain\usecases\delete_smoke_log_usecase.dart
DA:13,1
DA:25,1
DA:28,1
DA:35,2
LF:4
LH:4
end_of_record
SF:lib\features\capture_hit\domain\usecases\get_last_smoke_log_usecase.dart
DA:14,1
DA:26,1
DA:29,1
DA:36,2
LF:4
LH:4
end_of_record
SF:lib\domain\models\smoke_log.g.dart
DA:9,2
DA:10,2
DA:11,2
DA:12,2
DA:13,4
DA:14,4
DA:15,2
DA:16,4
DA:17,4
DA:18,4
DA:19,2
DA:20,2
DA:21,4
DA:22,4
DA:25,2
DA:26,2
DA:27,2
DA:28,2
DA:29,4
DA:30,2
DA:31,2
DA:32,2
DA:33,2
DA:34,2
DA:35,2
DA:36,2
DA:37,4
DA:38,4
LF:28
LH:28
end_of_record
SF:lib\features\capture_hit\domain\usecases\undo_last_smoke_log_usecase.dart
DA:14,1
DA:27,1
DA:31,1
DA:39,2
DA:41,1
DA:42,1
DA:43,2
DA:44,0
DA:48,1
DA:49,0
DA:50,1
DA:60,1
DA:61,2
DA:63,2
DA:64,2
DA:66,1
DA:72,1
DA:76,1
DA:78,3
DA:80,1
DA:81,2
DA:82,2
LF:22
LH:20
end_of_record
SF:lib\features\capture_hit\domain\usecases\create_smoke_log_usecase.dart
DA:14,1
DA:32,1
DA:42,1
DA:49,1
DA:57,1
DA:65,2
DA:73,2
DA:81,2
DA:89,1
DA:90,2
DA:93,1
DA:102,2
DA:109,2
LF:13
LH:13
end_of_record
SF:lib\features\capture_hit\data\models\smoke_log_dto.dart
DA:31,1
DA:32,1
DA:38,3
DA:39,3
DA:40,3
DA:41,3
DA:42,3
DA:43,3
DA:44,3
DA:45,3
DA:46,3
DA:47,3
DA:48,3
DA:49,3
DA:50,3
DA:51,3
DA:59,3
DA:63,3
DA:64,3
DA:65,3
DA:66,3
DA:67,3
DA:68,3
DA:69,3
DA:70,3
DA:71,3
DA:72,3
DA:73,3
DA:74,3
DA:75,3
LF:30
LH:30
end_of_record
SF:lib\features\capture_hit\data\models\smoke_log_dto.g.dart
DA:9,1
DA:10,1
DA:11,1
DA:12,1
DA:13,2
DA:14,2
DA:15,1
DA:16,2
DA:17,2
DA:18,2
DA:19,1
DA:20,1
DA:21,2
DA:22,2
DA:23,1
DA:24,1
DA:27,1
DA:28,1
DA:29,1
DA:30,1
DA:31,2
DA:32,1
DA:33,1
DA:34,1
DA:35,1
DA:36,1
DA:37,1
DA:38,1
DA:39,2
DA:40,2
DA:41,1
DA:42,1
LF:32
LH:32
end_of_record
SF:lib\features\capture_hit\data\repositories\smoke_log_repository_impl.dart
DA:20,1
DA:26,1
DA:30,1
DA:33,2
DA:36,2
DA:38,2
DA:40,2
DA:41,2
DA:46,1
DA:50,2
DA:51,2
DA:53,2
DA:54,2
DA:59,1
DA:63,2
DA:70,2
DA:71,2
DA:76,1
DA:84,2
DA:91,4
DA:92,1
DA:94,2
DA:95,2
DA:100,1
DA:103,1
DA:104,2
DA:107,2
DA:109,2
DA:111,2
DA:112,2
DA:119,1
DA:122,2
DA:125,3
DA:135,1
DA:137,2
DA:139,1
DA:144,2
DA:150,2
DA:151,3
DA:156,2
DA:157,2
LF:41
LH:41
end_of_record
SF:lib\core\usecases\usecase.dart
DA:18,1
LF:1
LH:1
end_of_record
SF:lib\data\models\smoke_log_isar.dart
DA:46,0
DA:47,0
DA:50,1
DA:51,1
DA:52,2
DA:53,2
DA:54,2
DA:55,2
DA:56,2
DA:57,2
DA:58,2
DA:59,2
DA:60,2
DA:61,2
DA:62,2
DA:63,2
DA:64,1
DA:65,1
DA:66,1
DA:70,1
DA:71,1
DA:72,1
DA:73,1
DA:74,1
DA:75,1
DA:76,1
DA:77,1
DA:78,1
DA:79,1
DA:80,1
DA:81,1
DA:82,1
DA:83,1
DA:88,0
DA:93,0
DA:94,0
DA:95,0
DA:96,0
DA:97,0
DA:98,0
DA:99,0
DA:100,0
DA:101,0
DA:102,0
DA:103,0
DA:104,0
DA:105,0
DA:106,0
DA:107,0
DA:108,0
DA:109,0
LF:51
LH:31
end_of_record
SF:lib\data\repositories\smoke_log_repository_isar.dart
DA:12,0
DA:14,0
DA:16,0
DA:18,0
DA:20,0
DA:21,0
DA:22,0
DA:26,0
DA:29,0
DA:31,0
DA:32,0
DA:33,0
DA:34,0
DA:37,0
DA:42,0
DA:44,0
DA:45,0
DA:46,0
DA:47,0
DA:51,0
DA:58,0
DA:61,0
DA:62,0
DA:63,0
DA:67,0
DA:70,0
DA:71,0
DA:73,0
DA:75,0
DA:77,0
DA:78,0
DA:79,0
DA:86,0
DA:87,0
DA:91,0
DA:93,0
DA:95,0
DA:96,0
DA:97,0
DA:102,0
DA:103,0
DA:105,0
DA:106,0
DA:107,0
DA:112,0
DA:113,0
DA:117,0
DA:118,0
DA:120,0
DA:121,0
DA:122,0
DA:127,0
DA:128,0
DA:132,0
DA:134,0
DA:138,2
DA:139,2
DA:140,3
DA:141,0
DA:145,8
DA:146,5
DA:148,3
LF:62
LH:6
end_of_record
SF:lib\data\services\isar_service.dart
DA:11,1
DA:12,0
DA:16,1
DA:18,0
DA:20,0
DA:25,0
DA:26,0
DA:31,4
DA:32,1
DA:38,0
DA:41,0
DA:44,0
DA:45,0
DA:47,0
DA:49,0
DA:54,0
DA:57,0
DA:58,0
DA:59,0
DA:60,0
DA:61,0
DA:62,0
DA:64,0
DA:69,0
DA:73,0
DA:74,0
DA:76,0
DA:81,0
DA:83,0
DA:85,0
DA:88,0
DA:92,0
DA:94,0
DA:99,0
DA:102,0
DA:103,0
DA:105,0
DA:106,0
DA:111,0
DA:113,0
DA:115,0
DA:118,0
DA:120,0
DA:123,0
DA:128,0
DA:133,0
DA:136,0
DA:138,0
DA:141,0
DA:144,0
DA:149,0
DA:154,0
DA:157,0
DA:158,0
DA:160,0
DA:165,0
DA:171,0
DA:172,0
DA:173,0
DA:174,0
DA:175,0
DA:176,0
DA:177,0
DA:178,0
DA:180,0
DA:181,0
DA:186,2
DA:187,2
DA:188,3
DA:189,0
LF:70
LH:7
end_of_record
SF:lib\domain\models\tag.g.dart
DA:9,4
DA:10,2
DA:11,2
DA:12,2
DA:13,2
DA:14,4
DA:15,4
DA:18,2
DA:19,1
DA:20,1
DA:21,1
DA:22,1
DA:23,2
DA:24,2
LF:14
LH:14
end_of_record
SF:lib\features\capture_hit\data\datasources\smoke_log_local_datasource_impl.dart
DA:14,0
DA:16,0
DA:19,0
DA:20,0
DA:22,0
DA:24,0
DA:25,0
DA:26,0
DA:30,0
DA:32,0
DA:34,0
DA:35,0
DA:36,0
DA:37,0
DA:38,0
DA:43,0
DA:45,0
DA:47,0
DA:48,0
DA:49,0
DA:53,0
DA:61,0
DA:67,0
DA:68,0
DA:69,0
DA:76,0
DA:77,0
DA:80,0
DA:85,0
DA:88,0
DA:90,0
DA:93,0
DA:94,0
DA:96,0
DA:98,0
DA:99,0
DA:100,0
DA:104,0
DA:106,0
DA:108,0
DA:109,0
DA:110,0
DA:113,0
DA:116,0
DA:117,0
DA:122,0
DA:124,0
DA:126,0
DA:127,0
DA:128,0
DA:132,0
DA:135,0
DA:137,0
DA:138,0
DA:139,0
DA:141,0
DA:142,0
DA:148,0
DA:150,0
DA:152,0
DA:153,0
DA:154,0
LF:62
LH:0
end_of_record
SF:lib\features\capture_hit\presentation\providers\smoke_log_providers.dart
DA:22,0
DA:23,0
DA:24,0
DA:25,0
DA:29,2
DA:30,1
DA:31,0
DA:32,0
DA:35,2
DA:36,1
DA:37,0
DA:38,0
DA:41,4
DA:42,3
DA:43,3
DA:44,0
DA:47,2
DA:48,1
DA:49,0
DA:50,0
DA:58,4
DA:59,4
DA:60,6
DA:61,1
DA:63,1
DA:64,1
DA:65,1
DA:73,1
DA:76,3
DA:80,1
DA:89,1
DA:91,4
DA:92,1
DA:102,1
DA:103,1
DA:104,3
DA:107,1
DA:108,2
DA:116,5
DA:117,1
DA:118,1
DA:119,1
DA:129,3
DA:130,1
DA:131,1
DA:137,1
DA:139,3
DA:143,1
DA:147,1
DA:149,4
DA:150,1
DA:155,1
DA:156,1
DA:157,3
DA:160,1
DA:161,2
DA:164,4
DA:172,3
DA:173,1
DA:174,1
LF:60
LH:49
end_of_record
SF:lib\features\quick_tagging\presentation\providers\quick_tagging_providers.dart
DA:11,4
DA:12,1
DA:15,2
DA:16,2
DA:17,0
DA:18,2
DA:21,0
DA:22,0
DA:23,0
DA:26,0
DA:27,0
DA:28,0
DA:32,2
DA:33,2
DA:34,2
DA:35,0
DA:36,0
DA:40,2
DA:41,1
DA:42,0
DA:43,0
DA:44,0
DA:49,2
DA:52,1
DA:53,2
DA:54,1
DA:55,1
DA:57,1
DA:59,1
DA:62,0
DA:65,4
DA:66,2
DA:74,1
DA:77,1
DA:81,1
DA:82,4
DA:83,1
DA:85,0
DA:86,0
DA:87,0
DA:94,0
DA:95,0
DA:96,0
DA:98,0
DA:100,0
DA:101,0
DA:107,3
LF:47
LH:25
end_of_record
SF:lib\features\charts_time_series\domain\entities\time_series_chart.dart
DA:48,6
DA:50,1
DA:51,1
DA:54,3
DA:57,10
DA:60,12
DA:63,2
DA:64,10
DA:67,1
DA:68,1
DA:71,7
DA:73,2
DA:77,4
DA:78,14
DA:82,2
DA:83,7
DA:87,2
DA:88,2
DA:89,2
DA:90,4
DA:94,2
DA:95,10
DA:97,2
DA:98,2
DA:99,2
DA:101,0
DA:103,0
DA:105,0
DA:107,0
DA:112,2
DA:113,10
DA:114,2
DA:147,7
DA:149,1
DA:150,1
DA:153,4
DA:154,21
DA:157,18
DA:160,9
LF:39
LH:35
end_of_record
SF:lib\features\charts_time_series\domain\entities\time_series_chart.g.dart
DA:9,1
DA:11,1
DA:12,1
DA:13,1
DA:14,1
DA:15,2
DA:16,2
DA:17,2
DA:18,2
DA:19,2
DA:20,1
DA:21,3
DA:22,1
DA:23,2
DA:24,1
DA:25,2
DA:26,1
DA:27,2
DA:30,1
DA:32,1
DA:33,1
DA:34,1
DA:35,1
DA:36,2
DA:37,2
DA:38,2
DA:39,2
DA:40,2
DA:41,1
DA:42,1
DA:43,1
DA:44,2
DA:67,1
DA:68,1
DA:69,1
DA:70,2
DA:71,2
DA:72,2
DA:73,2
DA:74,2
DA:75,2
DA:76,1
DA:77,2
DA:78,1
DA:81,1
DA:82,1
DA:83,1
DA:84,2
DA:85,2
DA:86,2
DA:87,2
DA:88,2
DA:89,1
DA:90,1
LF:54
LH:54
end_of_record
SF:lib\features\charts_time_series\domain\repositories\charts_time_series_repository.dart
DA:51,2
DA:68,0
DA:69,0
DA:74,1
DA:82,0
DA:84,0
DA:85,0
DA:86,0
DA:87,0
LF:9
LH:2
end_of_record
SF:lib\features\charts_time_series\data\models\chart_data_point_dto.dart
DA:23,2
DA:24,2
DA:30,3
DA:31,3
DA:32,3
DA:33,3
DA:34,3
DA:35,3
DA:36,3
DA:37,3
DA:45,3
DA:46,3
DA:47,3
DA:48,3
DA:49,3
DA:50,3
DA:51,3
DA:52,3
LF:18
LH:18
end_of_record
SF:lib\features\charts_time_series\data\models\chart_data_point_dto.g.dart
DA:9,2
DA:11,2
DA:12,4
DA:13,4
DA:14,4
DA:15,4
DA:16,4
DA:17,3
DA:20,1
DA:22,1
DA:23,2
DA:24,1
DA:25,1
DA:26,1
DA:27,1
DA:28,1
LF:16
LH:16
end_of_record
SF:lib\features\charts_time_series\data\models\time_series_chart_dto.dart
DA:31,1
DA:32,1
DA:38,2
DA:39,2
DA:40,2
DA:41,2
DA:42,2
DA:43,2
DA:44,2
DA:45,2
DA:46,8
DA:47,1
DA:49,2
DA:50,8
DA:51,1
DA:53,2
DA:54,8
DA:55,1
DA:57,8
DA:58,2
DA:59,2
DA:60,2
DA:68,2
DA:69,2
DA:70,2
DA:71,2
DA:72,2
DA:73,2
DA:74,2
DA:75,4
DA:76,4
DA:77,4
DA:78,10
DA:79,2
DA:80,2
DA:81,2
LF:36
LH:36
end_of_record
SF:lib\features\charts_time_series\data\models\time_series_chart_dto.g.dart
DA:9,1
DA:11,1
DA:12,1
DA:13,1
DA:14,1
DA:15,2
DA:16,2
DA:17,1
DA:18,1
DA:19,1
DA:20,1
DA:21,3
DA:22,1
DA:23,2
DA:24,1
DA:25,2
DA:26,1
DA:27,2
DA:30,1
DA:32,1
DA:33,1
DA:34,1
DA:35,1
DA:36,2
DA:37,2
DA:38,1
DA:39,1
DA:40,1
DA:41,1
DA:42,1
DA:43,1
DA:44,2
LF:32
LH:32
end_of_record
SF:lib\features\charts_time_series\data\datasources\charts_time_series_local_datasource_impl.dart
DA:21,1
DA:25,1
DA:28,2
DA:29,1
DA:30,1
DA:31,1
DA:35,1
DA:36,0
DA:40,0
DA:44,1
DA:46,2
DA:47,3
DA:48,4
DA:52,1
DA:54,2
DA:55,1
DA:56,1
DA:59,1
DA:60,1
DA:62,3
DA:65,1
DA:67,3
DA:70,1
DA:72,3
DA:77,1
DA:78,1
DA:79,1
DA:81,0
DA:82,0
DA:84,0
DA:85,0
DA:87,0
DA:88,0
DA:90,0
DA:91,0
DA:95,2
DA:100,2
DA:101,2
DA:106,1
DA:109,1
DA:110,2
DA:113,1
DA:115,2
DA:118,1
DA:120,3
DA:124,1
DA:132,2
DA:138,1
DA:139,0
DA:145,0
DA:149,1
DA:150,1
DA:152,3
DA:154,1
DA:156,3
DA:158,1
DA:160,3
DA:163,1
DA:166,2
DA:167,2
DA:168,2
DA:169,3
DA:173,1
DA:181,2
DA:188,1
DA:191,0
DA:199,1
DA:202,2
DA:206,1
DA:208,1
DA:209,4
DA:210,0
DA:212,0
DA:213,0
DA:214,0
DA:215,0
DA:216,0
DA:221,1
DA:227,1
DA:229,0
DA:230,0
DA:231,0
DA:232,0
DA:237,0
DA:241,0
DA:243,0
DA:245,0
DA:246,0
DA:247,0
DA:249,0
DA:250,0
DA:252,0
DA:253,0
DA:254,0
DA:256,0
DA:263,0
DA:264,0
DA:267,0
DA:268,0
DA:269,0
LF:100
LH:60
end_of_record
SF:lib\features\charts_time_series\domain\entities\chart_data_point.dart
DA:25,9
DA:27,2
DA:28,2
DA:31,9
DA:34,1
DA:35,2
DA:38,6
DA:41,2
DA:43,2
DA:44,10
DA:45,1
DA:46,5
DA:47,1
DA:48,7
LF:14
LH:14
end_of_record
SF:lib\features\charts_time_series\domain\entities\chart_data_point.g.dart
DA:9,2
DA:10,2
DA:11,4
DA:12,4
DA:13,4
DA:14,4
DA:15,3
DA:16,3
DA:19,1
DA:21,1
DA:22,2
DA:23,1
DA:24,1
DA:25,1
DA:26,1
DA:27,1
LF:16
LH:16
end_of_record
SF:lib\features\charts_time_series\data\repositories\charts_time_series_repository_impl.dart
DA:18,1
DA:22,1
DA:28,1
DA:31,2
DA:33,2
DA:37,2
DA:40,1
DA:42,1
DA:43,1
DA:44,1
DA:45,1
DA:46,1
DA:47,1
DA:48,1
DA:49,4
DA:50,1
DA:51,1
DA:52,1
DA:56,3
DA:58,1
DA:60,2
DA:61,2
DA:68,1
DA:73,2
DA:74,4
DA:75,1
DA:77,2
DA:78,2
DA:85,1
DA:93,2
DA:99,1
DA:101,2
DA:102,2
DA:109,1
DA:117,2
DA:123,1
DA:125,2
DA:126,2
DA:133,1
DA:138,2
DA:139,1
DA:141,2
DA:142,2
DA:151,1
DA:152,1
DA:153,1
DA:154,3
DA:155,3
DA:156,2
DA:157,2
DA:158,2
DA:159,2
DA:160,3
DA:163,1
DA:167,1
DA:168,2
DA:169,2
DA:170,5
DA:172,1
DA:175,1
DA:177,1
DA:179,1
DA:181,1
DA:183,1
DA:185,1
DA:190,1
DA:192,1
DA:194,1
DA:196,1
LF:69
LH:69
end_of_record
SF:lib\features\charts_time_series\domain\usecases\check_data_availability_usecase.dart
DA:15,2
DA:26,2
DA:31,4
DA:38,6
DA:46,4
DA:47,2
DA:48,2
DA:49,2
DA:50,2
DA:57,2
LF:10
LH:10
end_of_record
SF:lib\features\charts_time_series\domain\usecases\generate_chart_usecase.dart
DA:16,2
DA:27,2
DA:32,4
DA:34,1
DA:38,6
DA:42,2
DA:44,4
DA:52,2
DA:61,4
DA:69,4
DA:70,4
DA:78,2
DA:79,2
DA:86,3
DA:100,2
LF:15
LH:15
end_of_record
SF:lib\features\charts_time_series\domain\usecases\get_chart_data_points_usecase.dart
DA:17,2
DA:28,2
DA:33,4
DA:40,2
DA:48,4
LF:5
LH:5
end_of_record
SF:lib\features\charts_time_series\presentation\providers\charts_time_series_providers.dart
DA:18,2
DA:19,1
DA:21,0
DA:22,0
DA:23,0
DA:30,2
DA:31,2
DA:32,3
DA:33,1
DA:38,2
DA:39,2
DA:40,3
DA:41,1
DA:46,2
DA:47,2
DA:48,3
DA:49,1
DA:56,2
DA:57,4
DA:59,4
DA:60,2
DA:68,1
DA:69,4
DA:72,1
DA:73,4
DA:76,1
DA:77,4
DA:80,1
DA:81,4
DA:87,1
DA:88,4
DA:91,1
DA:92,4
DA:96,4
DA:97,2
DA:98,2
DA:99,2
DA:103,4
DA:104,2
DA:105,1
DA:106,3
DA:107,3
DA:109,2
DA:112,2
DA:113,1
DA:114,1
DA:115,3
DA:116,3
DA:118,1
DA:121,4
DA:122,3
DA:123,3
DA:124,3
DA:126,1
DA:128,1
DA:129,1
DA:130,1
DA:133,1
DA:135,1
DA:136,1
DA:137,1
DA:143,2
DA:144,2
DA:153,1
DA:154,3
DA:157,1
DA:158,3
DA:161,1
DA:162,3
DA:165,1
DA:166,3
DA:169,2
DA:170,10
DA:173,1
DA:174,3
DA:178,2
DA:179,2
DA:180,1
DA:185,5
DA:201,2
DA:209,2
DA:210,2
DA:211,2
DA:213,2
DA:214,2
DA:215,2
DA:216,2
DA:218,1
DA:219,2
DA:225,1
LF:90
LH:87
end_of_record
SF:lib\features\charts_time_series\presentation\screens\charts_time_series_screen.dart
DA:11,0
DA:18,1
DA:19,1
DA:23,1
DA:25,6
DA:26,6
DA:27,6
DA:28,3
DA:30,1
DA:31,1
DA:33,1
DA:34,1
DA:35,2
DA:36,6
DA:40,1
DA:41,1
DA:43,1
DA:45,1
DA:49,1
DA:50,1
DA:51,1
DA:52,1
DA:53,2
DA:54,0
DA:55,2
DA:57,0
DA:58,0
DA:60,1
DA:61,2
DA:62,0
DA:70,1
DA:71,6
DA:72,7
DA:74,1
DA:75,1
DA:77,1
DA:79,1
DA:81,1
DA:82,1
DA:85,1
DA:86,1
DA:104,1
DA:105,0
DA:114,1
DA:115,1
DA:118,1
DA:119,1
DA:120,1
DA:129,0
DA:138,1
DA:139,1
DA:142,1
DA:143,1
DA:144,1
DA:151,0
DA:158,2
DA:160,0
DA:161,0
DA:164,0
DA:165,0
DA:166,0
DA:170,0
DA:171,0
DA:183,1
DA:184,1
DA:185,0
DA:188,1
DA:190,1
DA:192,1
DA:194,1
DA:196,1
DA:197,1
DA:198,1
DA:199,1
DA:201,1
DA:202,1
DA:203,1
DA:204,3
DA:206,1
DA:207,4
DA:208,3
DA:219,1
DA:220,1
DA:221,1
DA:222,1
DA:225,2
DA:226,3
DA:230,1
DA:231,1
DA:232,1
DA:235,1
DA:236,1
DA:237,4
DA:238,2
DA:239,1
DA:240,2
DA:241,3
DA:248,1
DA:249,1
DA:252,1
DA:253,1
DA:254,2
DA:255,3
DA:263,1
DA:265,1
DA:266,2
DA:270,1
DA:271,1
DA:272,3
DA:273,7
DA:274,1
DA:276,1
DA:277,1
DA:278,3
DA:279,3
DA:284,1
DA:285,3
DA:286,1
DA:287,1
DA:289,3
DA:295,1
DA:297,1
DA:298,1
DA:299,4
DA:300,4
DA:308,1
DA:310,1
DA:311,0
DA:312,0
DA:313,0
DA:314,0
DA:315,0
DA:316,0
DA:317,0
DA:318,0
DA:325,0
DA:334,5
DA:336,1
DA:344,1
DA:345,1
DA:347,1
DA:348,3
DA:349,1
DA:351,1
DA:353,1
DA:354,3
DA:355,7
DA:356,4
DA:362,1
DA:363,1
DA:365,1
DA:366,4
DA:368,4
DA:369,5
DA:374,1
DA:387,1
DA:388,1
DA:389,1
DA:391,1
DA:392,1
DA:395,3
DA:398,1
DA:400,3
DA:403,1
DA:405,4
DA:406,3
DA:414,0
DA:415,0
DA:416,0
DA:418,0
DA:419,0
DA:422,0
DA:425,0
DA:427,0
DA:430,0
DA:432,0
DA:436,0
DA:437,0
DA:445,1
DA:446,1
DA:447,1
DA:448,2
DA:450,1
DA:451,0
DA:453,1
DA:457,1
DA:459,1
DA:460,2
DA:461,0
DA:462,0
DA:463,0
DA:464,0
DA:465,0
DA:466,0
DA:467,0
DA:471,0
DA:473,0
DA:474,0
DA:475,0
DA:476,0
DA:477,0
DA:478,0
DA:479,0
DA:480,0
DA:481,0
DA:482,0
LF:206
LH:150
end_of_record
SF:lib\features\quick_tagging\domain\usecases\attach_tags_to_log_usecase.dart
DA:10,1
DA:13,1
DA:19,1
DA:20,1
DA:25,1
DA:26,1
DA:31,1
DA:32,1
DA:37,2
LF:9
LH:9
end_of_record
SF:lib\features\quick_tagging\domain\usecases\get_all_tags_usecase.dart
DA:11,1
DA:14,1
DA:17,1
DA:18,1
DA:23,2
LF:5
LH:5
end_of_record
SF:lib\features\quick_tagging\domain\usecases\get_suggested_tags_usecase.dart
DA:11,1
DA:14,1
DA:18,1
DA:19,1
DA:24,1
DA:25,0
DA:30,2
LF:7
LH:6
end_of_record
SF:lib\core\feature_flags\feature_flags.dart
DA:8,4
DA:11,1
DA:12,2
DA:13,1
LF:4
LH:4
end_of_record
SF:lib\core\providers\account_providers.dart
DA:9,16
DA:23,16
DA:24,8
DA:25,4
DA:30,0
DA:31,0
DA:32,0
DA:37,0
DA:38,0
DA:45,0
DA:46,0
DA:57,0
DA:58,0
DA:61,0
DA:62,0
DA:72,0
DA:73,0
DA:85,0
DA:86,0
DA:87,0
LF:20
LH:4
end_of_record
SF:lib\domain\models\account.g.dart
DA:9,1
DA:10,1
DA:11,1
DA:12,1
DA:13,1
DA:14,1
DA:15,1
DA:16,1
DA:17,1
DA:20,1
DA:21,1
DA:22,1
DA:23,1
DA:24,1
DA:25,1
DA:26,1
DA:27,1
DA:28,1
LF:18
LH:18
end_of_record
SF:lib\core\routing\app_router.dart
DA:26,2
DA:27,0
DA:32,16
DA:40,16
DA:41,8
DA:43,4
DA:44,4
DA:45,4
DA:46,8
DA:47,4
DA:48,4
DA:51,4
DA:53,4
DA:54,4
DA:57,1
DA:58,2
DA:59,2
DA:64,4
DA:67,0
DA:69,4
DA:70,4
DA:73,0
DA:74,0
DA:75,0
DA:76,0
DA:81,4
DA:84,0
DA:91,1
DA:92,4
DA:95,4
DA:97,4
DA:103,8
DA:104,12
DA:105,4
DA:106,1
DA:108,3
DA:109,1
DA:110,0
DA:111,0
DA:112,1
DA:113,1
DA:114,1
DA:115,4
DA:124,0
DA:125,0
DA:128,0
DA:135,4
DA:137,4
DA:139,12
DA:141,20
DA:145,4
DA:147,4
DA:148,4
DA:151,0
DA:153,0
DA:154,0
LF:56
LH:41
end_of_record
SF:lib\features\routing\domain\route_intent.dart
DA:3,4
DA:7,2
DA:8,0
DA:13,2
DA:15,0
DA:16,0
DA:20,2
DA:21,0
LF:8
LH:4
end_of_record
SF:lib\features\routing\domain\resolve_deep_link_use_case.dart
DA:15,12
DA:16,3
DA:17,3
DA:18,3
DA:21,13
DA:22,2
DA:25,4
DA:28,10
DA:29,1
DA:33,12
DA:34,3
DA:35,3
DA:36,2
DA:39,4
DA:43,5
DA:44,1
DA:45,1
DA:46,0
DA:49,2
DA:52,2
LF:20
LH:19
end_of_record
SF:lib\features\detail_view\presentation\screens\log_detail_screen.dart
DA:18,1
DA:23,1
DA:25,4
DA:27,1
DA:28,1
DA:29,3
DA:30,1
DA:32,0
DA:34,1
DA:36,1
DA:38,0
DA:43,1
DA:44,2
DA:45,2
DA:46,0
DA:51,1
DA:53,1
DA:55,1
DA:57,1
DA:59,1
DA:64,1
DA:66,0
DA:67,0
DA:68,0
DA:74,1
DA:80,1
DA:95,0
DA:96,0
DA:97,0
DA:99,0
DA:101,0
DA:102,0
DA:103,0
DA:104,0
DA:105,0
DA:114,1
DA:116,1
DA:117,1
DA:119,1
DA:121,1
DA:122,1
DA:124,3
DA:127,3
DA:128,3
DA:129,2
DA:130,4
DA:131,3
DA:138,1
DA:139,1
DA:141,1
DA:143,1
DA:144,1
DA:146,1
DA:147,1
DA:151,1
DA:152,1
DA:162,0
DA:163,0
DA:166,0
DA:168,0
DA:169,0
DA:170,0
DA:171,0
DA:173,0
DA:179,0
DA:181,0
DA:182,0
DA:183,0
DA:184,0
DA:186,0
LF:70
LH:41
end_of_record
SF:lib\features\logging\presentation\logs_screen.dart
DA:10,2
DA:12,0
DA:14,0
DA:23,2
DA:25,0
DA:26,0
DA:32,0
DA:34,0
DA:36,0
DA:37,0
DA:38,0
DA:39,0
DA:45,0
DA:47,0
DA:48,0
DA:52,0
DA:53,0
DA:57,0
DA:58,0
DA:59,0
DA:62,0
DA:63,0
DA:65,0
DA:67,0
DA:72,0
DA:90,2
DA:92,0
DA:93,0
DA:99,0
DA:101,0
DA:102,0
DA:103,0
DA:104,0
DA:105,0
DA:111,0
DA:113,0
DA:114,0
DA:118,0
DA:119,0
DA:120,0
DA:121,0
DA:123,0
DA:124,0
DA:130,0
DA:131,0
DA:132,0
DA:138,0
DA:152,0
DA:153,0
DA:155,0
DA:156,0
DA:158,0
DA:161,0
DA:162,0
DA:163,0
DA:164,0
DA:165,0
DA:166,0
DA:167,0
DA:169,0
DA:173,0
DA:178,0
DA:179,0
DA:180,0
DA:182,0
DA:205,2
DA:207,0
DA:208,0
DA:214,0
DA:216,0
DA:217,0
DA:218,0
DA:219,0
DA:220,0
DA:226,0
DA:228,0
DA:229,0
DA:230,0
DA:231,0
DA:232,0
DA:234,0
DA:236,0
DA:237,0
DA:243,0
DA:244,0
DA:245,0
DA:251,0
DA:257,0
DA:272,0
DA:273,0
DA:275,0
DA:277,0
DA:278,0
DA:293,0
DA:294,0
DA:295,0
DA:297,0
DA:298,0
DA:300,0
DA:303,0
DA:304,0
DA:305,0
DA:306,0
DA:307,0
DA:314,0
DA:315,0
DA:316,0
DA:323,0
DA:324,0
DA:325,0
DA:342,0
DA:343,0
DA:345,0
DA:346,0
DA:348,0
LF:115
LH:4
end_of_record
SF:lib\features\table_browse_edit\presentation\screens\logs_table_screen.dart
DA:19,0
DA:24,1
DA:26,4
DA:27,4
DA:29,1
DA:30,1
DA:32,1
DA:34,1
DA:38,3
DA:43,1
DA:45,2
DA:46,2
DA:60,1
DA:61,1
DA:63,2
DA:66,1
DA:67,0
DA:70,2
DA:73,1
DA:74,2
DA:78,2
DA:83,1
DA:84,0
DA:85,0
DA:87,0
DA:88,0
DA:95,1
DA:96,5
DA:99,1
DA:100,1
DA:102,1
DA:103,1
DA:109,0
DA:111,0
DA:113,0
DA:115,0
DA:116,0
DA:128,0
DA:133,0
DA:135,0
DA:137,0
DA:139,0
DA:142,0
DA:143,0
DA:144,0
DA:145,0
DA:151,0
DA:154,0
DA:155,0
DA:159,0
DA:162,0
DA:166,0
DA:173,0
DA:178,0
DA:180,0
DA:182,0
DA:183,0
DA:184,0
DA:185,0
DA:186,0
DA:189,0
DA:190,0
DA:191,0
DA:198,0
DA:199,0
DA:202,0
DA:204,0
DA:205,0
DA:206,0
DA:207,0
DA:213,0
DA:214,0
DA:215,0
DA:216,0
LF:74
LH:26
end_of_record
SF:lib\features\home\presentation\screens\home_screen.dart
DA:17,2
DA:19,4
DA:21,8
DA:22,8
DA:23,8
DA:25,4
DA:26,4
DA:27,4
DA:28,4
DA:29,8
DA:30,0
DA:31,8
DA:44,4
DA:59,0
DA:60,0
DA:61,0
DA:63,0
DA:64,0
DA:67,0
DA:70,0
DA:72,0
DA:75,0
DA:77,0
DA:78,0
DA:82,0
DA:83,0
DA:91,4
DA:98,4
DA:99,4
DA:101,4
DA:109,4
DA:110,4
DA:111,4
DA:117,4
DA:118,4
DA:119,4
DA:125,4
DA:127,0
DA:128,0
DA:136,4
DA:142,4
DA:143,0
DA:144,0
DA:145,4
DA:146,0
DA:147,4
DA:151,0
DA:152,0
DA:155,0
DA:157,0
DA:158,0
DA:159,0
DA:163,0
DA:165,0
DA:166,0
DA:169,0
DA:172,0
DA:174,0
DA:175,0
DA:183,0
DA:184,0
DA:187,0
DA:189,0
DA:190,0
DA:191,0
DA:195,0
DA:197,0
DA:198,0
DA:201,0
DA:204,0
DA:206,0
DA:207,0
DA:211,0
DA:213,0
DA:214,0
DA:222,4
DA:228,4
DA:230,8
DA:232,4
DA:233,0
DA:235,0
DA:246,0
DA:247,0
DA:249,0
DA:252,0
DA:253,0
DA:260,0
DA:261,0
DA:262,0
DA:265,0
DA:267,0
DA:275,0
DA:276,0
DA:277,0
LF:94
LH:31
end_of_record
SF:lib\core\widgets\error_display.dart
DA:14,1
DA:23,1
DA:25,1
DA:27,1
DA:28,1
DA:29,1
DA:31,3
DA:34,1
DA:35,1
DA:36,4
DA:37,3
DA:42,1
DA:43,1
DA:44,4
DA:45,3
DA:50,1
DA:51,1
DA:52,1
DA:56,2
DA:58,1
DA:60,1
LF:21
LH:21
end_of_record
SF:lib\core\widgets\loading_skeleton.dart
DA:12,2
DA:19,1
DA:20,1
DA:28,1
DA:30,1
DA:31,2
DA:35,3
DA:36,1
DA:37,1
DA:41,2
DA:44,1
DA:46,2
DA:47,1
DA:50,1
DA:52,1
DA:53,1
DA:54,1
DA:55,1
DA:56,2
DA:57,2
DA:58,1
DA:59,3
DA:60,1
DA:63,1
DA:64,1
DA:65,1
DA:66,1
DA:67,1
DA:68,1
DA:69,1
DA:70,1
DA:71,1
DA:72,1
DA:73,1
DA:74,1
DA:75,1
DA:77,1
DA:79,2
LF:38
LH:38
end_of_record
SF:lib\domain\models\method.g.dart
DA:9,4
DA:10,2
DA:11,2
DA:12,2
DA:13,2
DA:14,4
DA:15,4
DA:18,1
DA:19,1
DA:20,1
DA:21,1
DA:22,1
DA:23,1
DA:24,2
DA:25,2
LF:15
LH:15
end_of_record
SF:lib\domain\models\reason.g.dart
DA:9,4
DA:10,2
DA:11,2
DA:12,2
DA:13,2
DA:14,4
DA:15,4
DA:16,4
DA:19,1
DA:20,1
DA:21,1
DA:22,1
DA:23,1
DA:24,1
DA:25,1
DA:26,2
DA:27,2
LF:17
LH:17
end_of_record
SF:lib\features\accessibility_foundation\presentation\services\accessibility_service.dart
DA:14,7
DA:15,7
DA:20,14
DA:21,21
DA:29,7
DA:31,7
DA:32,7
DA:33,7
DA:34,7
DA:35,7
DA:36,7
DA:41,0
DA:44,0
DA:46,0
DA:47,0
DA:49,0
DA:54,1
DA:55,2
DA:59,7
DA:62,7
DA:65,14
DA:70,7
DA:71,14
DA:73,3
DA:75,6
DA:81,0
DA:86,1
DA:87,2
DA:91,1
DA:107,7
DA:118,2
DA:119,2
DA:120,4
DA:121,2
DA:122,2
DA:125,1
DA:126,3
DA:129,2
DA:132,0
DA:134,1
DA:137,0
DA:138,0
DA:139,0
DA:140,0
DA:141,0
DA:142,0
DA:143,0
DA:144,0
DA:145,0
DA:147,1
DA:148,1
DA:149,1
DA:150,1
DA:151,1
DA:152,1
DA:153,1
DA:154,1
DA:155,1
DA:158,0
DA:160,0
DA:161,0
DA:162,0
DA:163,0
DA:164,0
DA:165,0
DA:166,0
DA:167,0
LF:67
LH:42
end_of_record
SF:lib\features\accessibility_foundation\presentation\widgets\semantic_wrappers.dart
DA:11,1
DA:30,1
DA:32,1
DA:34,1
DA:37,1
DA:38,1
DA:42,1
DA:43,1
DA:44,1
DA:48,1
DA:49,1
DA:50,1
DA:55,1
DA:56,1
DA:57,1
DA:59,1
DA:70,5
DA:87,5
DA:89,5
DA:91,5
DA:94,5
DA:95,1
DA:98,5
DA:99,5
DA:101,5
DA:102,5
DA:105,5
DA:106,5
DA:110,5
DA:111,5
DA:112,5
DA:113,5
DA:116,5
DA:118,5
DA:119,3
DA:120,15
DA:122,5
DA:123,5
DA:124,15
DA:125,5
DA:136,1
DA:155,1
DA:157,1
DA:159,1
DA:162,2
DA:163,3
DA:164,3
DA:166,1
DA:167,1
DA:170,1
DA:173,1
DA:174,1
DA:175,1
DA:176,1
DA:177,1
DA:178,1
DA:182,1
DA:184,1
DA:186,1
DA:187,1
DA:188,1
DA:189,1
DA:190,1
DA:191,1
DA:192,3
DA:193,3
DA:195,3
DA:196,1
DA:199,1
DA:200,3
DA:207,1
DA:208,1
DA:209,4
DA:210,1
DA:211,3
DA:212,3
DA:226,1
DA:247,1
DA:249,1
DA:251,1
DA:254,1
DA:255,5
DA:257,1
DA:259,1
DA:260,1
DA:261,1
DA:262,1
DA:263,1
DA:266,1
DA:269,1
DA:270,1
DA:271,1
DA:272,1
DA:274,1
DA:275,1
DA:276,1
DA:277,3
DA:280,1
DA:281,1
DA:282,3
DA:287,1
DA:289,1
DA:290,1
DA:291,1
DA:292,3
DA:294,3
DA:296,1
DA:298,1
DA:299,1
DA:300,1
DA:301,1
DA:304,1
DA:305,1
DA:306,1
DA:309,1
DA:310,1
DA:311,1
DA:314,1
DA:315,1
DA:316,1
DA:335,1
DA:344,1
DA:346,1
DA:347,2
DA:348,1
LF:125
LH:125
end_of_record
SF:lib\features\capture_hit\presentation\providers\record_button_state_provider.dart
DA:38,4
DA:41,12
DA:42,4
DA:50,0
DA:51,0
DA:55,0
DA:56,0
DA:59,0
DA:60,0
DA:63,0
DA:69,0
DA:71,0
DA:72,0
DA:74,0
DA:75,0
DA:76,0
DA:80,0
DA:88,0
DA:95,0
DA:96,0
DA:98,0
DA:101,0
DA:102,0
DA:105,0
DA:106,0
DA:110,0
DA:111,0
DA:112,0
DA:122,0
DA:124,0
DA:128,0
DA:129,0
DA:133,0
DA:134,0
DA:135,0
DA:139,0
DA:140,0
DA:148,0
DA:149,0
DA:150,0
DA:151,0
DA:154,0
DA:155,0
DA:157,0
DA:162,0
DA:163,0
DA:164,0
DA:165,0
DA:169,0
DA:170,0
DA:171,0
DA:172,0
DA:173,0
DA:179,0
DA:182,0
DA:185,0
DA:186,0
DA:187,0
DA:194,8
DA:195,8
DA:196,4
DA:201,0
DA:202,0
DA:205,0
DA:206,0
DA:207,0
DA:211,0
DA:212,0
DA:214,0
DA:219,0
DA:220,0
DA:221,0
DA:226,0
DA:227,0
DA:230,0
DA:231,0
DA:245,0
DA:247,0
LF:78
LH:6
end_of_record
SF:lib\features\haptics_baseline\presentation\providers\haptics_providers.dart
DA:15,4
DA:16,1
DA:20,4
DA:21,2
DA:22,1
DA:26,2
DA:27,2
DA:28,3
DA:32,4
DA:33,3
DA:37,4
DA:38,3
DA:42,4
DA:43,2
DA:44,1
DA:45,2
DA:50,1
DA:56,1
DA:57,3
DA:58,1
DA:59,2
DA:63,2
DA:64,2
DA:65,2
DA:66,2
DA:67,2
DA:72,4
DA:73,1
LF:28
LH:28
end_of_record
SF:lib\features\detail_view\data\models\log_detail_model.dart
DA:23,4
DA:25,2
DA:28,3
DA:29,3
DA:30,3
DA:31,3
DA:32,3
DA:33,3
DA:38,1
DA:39,1
DA:40,1
DA:41,1
DA:42,1
DA:43,1
LF:14
LH:14
end_of_record
SF:lib\features\detail_view\data\models\log_detail_model.g.dart
DA:9,1
DA:10,1
DA:11,2
DA:12,1
DA:13,3
DA:14,1
DA:16,1
DA:17,3
DA:18,1
DA:20,1
DA:22,2
DA:25,1
DA:27,1
DA:28,1
DA:29,1
DA:30,1
DA:31,1
LF:17
LH:17
end_of_record
SF:lib\features\detail_view\data\datasources\mock_log_detail_datasource.dart
DA:16,6
DA:18,2
DA:22,4
DA:23,3
DA:27,2
DA:29,4
DA:30,2
DA:36,1
DA:39,4
DA:42,1
DA:45,4
DA:49,2
DA:51,2
DA:52,4
DA:53,2
DA:54,2
DA:57,10
DA:58,6
DA:65,2
DA:69,2
DA:70,2
DA:75,2
DA:76,2
DA:78,2
DA:83,2
DA:84,2
DA:88,2
DA:89,2
DA:95,2
DA:96,2
DA:100,2
DA:105,2
DA:106,2
DA:109,2
DA:123,1
DA:128,1
DA:129,1
DA:132,1
DA:136,1
DA:139,1
DA:142,1
DA:143,1
LF:42
LH:42
end_of_record
SF:lib\features\detail_view\domain\entities\log_detail_entity.dart
DA:21,7
DA:24,3
DA:27,3
DA:30,2
DA:33,4
DA:36,3
DA:39,2
DA:40,6
DA:41,4
DA:42,6
DA:43,4
DA:44,4
DA:46,4
DA:51,2
DA:52,12
DA:53,10
DA:54,6
DA:55,10
DA:56,10
DA:60,2
DA:61,4
DA:62,4
DA:63,4
DA:64,4
DA:65,6
DA:66,3
DA:67,2
DA:72,2
DA:73,4
DA:74,4
DA:75,2
DA:76,4
DA:77,3
DA:78,3
DA:79,0
DA:84,1
DA:85,2
DA:89,1
DA:90,1
DA:91,2
DA:92,1
DA:93,2
DA:94,0
DA:98,6
DA:99,6
LF:45
LH:43
end_of_record
SF:lib\features\detail_view\data\repositories\log_detail_repository_impl.dart
DA:11,2
DA:20,2
DA:23,4
DA:25,2
DA:26,1
DA:28,2
DA:29,1
DA:30,2
DA:31,1
DA:33,2
DA:34,2
DA:38,6
DA:42,1
DA:45,2
DA:47,1
DA:48,3
DA:49,1
DA:50,1
DA:51,2
DA:55,1
DA:58,2
DA:60,1
DA:61,2
DA:62,1
DA:64,2
DA:65,2
LF:26
LH:26
end_of_record
SF:lib\features\detail_view\domain\usecases\get_log_detail_usecase.dart
DA:14,2
DA:18,2
DA:20,6
LF:3
LH:3
end_of_record
SF:lib\features\detail_view\domain\usecases\refresh_log_detail_usecase.dart
DA:14,1
DA:18,1
DA:20,3
LF:3
LH:3
end_of_record
SF:lib\features\detail_view\presentation\providers\log_detail_providers.dart
DA:14,7
DA:15,1
DA:16,1
DA:17,1
DA:22,7
DA:23,3
DA:26,2
DA:27,1
DA:28,0
DA:34,2
DA:36,6
DA:37,4
DA:39,2
DA:40,1
DA:41,2
DA:46,1
DA:47,4
DA:50,1
DA:52,3
DA:53,2
DA:55,2
DA:56,3
DA:57,2
DA:62,1
DA:63,3
DA:64,1
DA:65,1
DA:66,1
DA:67,1
DA:72,6
DA:73,2
DA:74,2
DA:78,4
DA:79,3
DA:80,1
DA:81,1
DA:82,0
DA:83,2
DA:84,1
LF:39
LH:37
end_of_record
SF:lib\features\detail_view\presentation\widgets\detail_card.dart
DA:11,1
DA:16,1
DA:18,1
DA:20,1
DA:22,1
DA:24,1
DA:26,1
DA:31,1
DA:36,4
DA:38,1
DA:41,4
DA:43,1
DA:46,3
DA:49,1
DA:50,1
DA:57,1
DA:58,1
DA:60,1
DA:61,1
DA:63,1
DA:64,1
DA:66,3
DA:68,1
DA:69,2
DA:70,4
DA:71,3
DA:77,1
DA:79,1
DA:80,1
DA:81,4
DA:82,3
DA:84,1
DA:85,4
DA:86,4
DA:87,3
DA:96,1
DA:97,1
DA:99,1
DA:100,6
DA:101,1
DA:103,3
DA:106,1
DA:109,1
DA:110,1
DA:111,1
DA:112,1
DA:113,1
DA:114,1
DA:116,1
DA:117,3
DA:118,3
DA:126,1
DA:127,1
DA:129,1
DA:130,1
DA:132,3
DA:135,1
DA:138,2
DA:139,3
DA:140,2
DA:142,3
DA:144,1
DA:150,1
DA:151,1
DA:153,1
DA:154,1
DA:156,3
DA:159,1
DA:162,2
DA:163,3
DA:164,2
DA:166,3
DA:168,1
DA:174,1
DA:175,1
DA:177,1
DA:178,1
DA:180,3
DA:183,1
DA:185,1
DA:186,3
DA:187,1
DA:189,1
DA:190,3
DA:191,4
DA:192,3
DA:200,1
DA:201,1
DA:203,1
DA:204,1
DA:206,3
DA:209,1
DA:210,1
DA:211,1
DA:212,1
DA:215,3
DA:216,2
DA:221,1
DA:222,1
DA:225,3
DA:226,2
DA:236,1
DA:243,1
DA:245,1
DA:246,4
DA:247,1
DA:249,1
DA:250,1
DA:251,1
DA:253,3
DA:257,1
DA:259,3
DA:262,1
DA:263,1
DA:264,4
DA:265,3
DA:269,1
DA:271,4
DA:272,3
DA:281,1
DA:282,4
DA:283,3
DA:284,1
DA:287,1
DA:288,4
DA:289,3
LF:126
LH:126
end_of_record
SF:lib\features\detail_view\presentation\widgets\actions_row.dart
DA:14,1
DA:22,1
DA:24,1
DA:25,1
DA:27,1
DA:29,1
DA:31,1
DA:35,1
DA:40,1
DA:44,1
DA:49,1
DA:53,1
DA:62,1
DA:69,1
DA:70,1
DA:72,1
DA:74,1
DA:75,1
DA:78,1
DA:80,1
DA:81,1
DA:83,3
DA:87,1
DA:89,4
DA:90,3
LF:25
LH:25
end_of_record
SF:lib\features\haptics_baseline\data\repositories\haptics_repository_impl.dart
DA:13,2
DA:19,2
DA:23,4
DA:24,2
DA:26,4
DA:32,1
DA:35,2
DA:38,2
DA:44,2
DA:47,2
DA:48,2
DA:50,0
DA:58,1
DA:62,3
DA:64,2
DA:65,1
DA:66,1
DA:68,0
LF:18
LH:16
end_of_record
SF:lib\features\haptics_baseline\data\services\haptics_service_impl.dart
DA:11,2
DA:15,2
DA:18,2
DA:24,1
DA:25,1
DA:27,1
DA:29,1
DA:31,1
DA:33,1
DA:35,1
DA:36,1
DA:38,1
DA:39,1
DA:50,2
DA:52,4
DA:53,5
DA:56,1
DA:60,1
LF:18
LH:18
end_of_record
SF:lib\features\haptics_baseline\domain\entities\haptic_event.dart
DA:22,1
DA:23,1
DA:24,1
DA:25,1
DA:26,1
DA:27,1
LF:6
LH:6
end_of_record
SF:lib\features\haptics_baseline\domain\usecases\get_haptics_enabled_usecase.dart
DA:10,2
DA:18,2
DA:21,4
DA:22,6
DA:29,4
DA:30,5
DA:37,2
DA:38,2
DA:46,2
LF:9
LH:9
end_of_record
SF:lib\features\haptics_baseline\domain\usecases\trigger_haptic_usecase.dart
DA:11,2
DA:18,2
DA:20,4
DA:21,2
DA:23,2
LF:5
LH:5
end_of_record
SF:lib\features\home\presentation\providers\home_providers.dart
DA:9,2
DA:21,12
DA:25,0
DA:42,16
DA:43,8
DA:44,4
LF:6
LH:5
end_of_record
SF:lib\features\responsive\presentation\widgets\responsive_padding.dart
DA:8,6
DA:28,6
DA:30,12
DA:31,12
DA:34,15
DA:35,24
DA:36,3
DA:37,11
DA:40,6
DA:42,6
DA:49,0
DA:69,1
DA:71,2
DA:74,2
DA:75,1
DA:76,2
DA:79,1
DA:81,1
DA:88,0
DA:91,1
DA:98,1
DA:99,1
DA:100,1
DA:105,2
DA:113,2
DA:121,2
DA:129,2
DA:139,2
DA:159,1
DA:161,2
DA:164,2
DA:165,3
DA:166,2
DA:169,2
DA:170,1
DA:171,1
LF:36
LH:34
end_of_record
SF:lib\features\home\presentation\widgets\recording_status_widget.dart
DA:9,4
DA:20,4
DA:22,4
DA:23,4
DA:24,4
DA:26,4
DA:27,4
DA:28,0
DA:29,4
DA:30,0
DA:31,4
DA:32,0
DA:33,4
DA:34,4
DA:38,0
DA:44,0
DA:46,0
DA:49,0
DA:50,0
DA:51,0
DA:52,0
DA:53,0
DA:56,0
DA:57,0
DA:58,0
DA:60,0
DA:61,0
DA:64,0
DA:65,0
DA:70,0
DA:71,0
DA:72,0
DA:73,0
DA:80,0
DA:82,0
DA:83,0
DA:92,0
DA:98,0
DA:100,0
DA:103,0
DA:104,0
DA:105,0
DA:107,0
DA:108,0
DA:109,0
DA:111,0
DA:112,0
DA:114,0
DA:118,0
DA:119,0
DA:120,0
DA:121,0
DA:128,0
DA:129,0
DA:132,0
DA:133,0
DA:141,0
DA:147,0
DA:150,0
DA:151,0
DA:152,0
DA:154,0
DA:155,0
DA:156,0
DA:158,0
DA:159,0
DA:161,0
DA:165,0
DA:167,0
DA:168,0
DA:175,0
DA:176,0
DA:177,0
DA:178,0
DA:183,0
DA:184,0
DA:187,0
DA:188,0
DA:196,4
DA:201,4
DA:204,4
DA:205,4
DA:206,4
DA:208,4
DA:209,4
DA:210,4
DA:212,4
DA:216,4
DA:218,8
DA:219,4
DA:228,0
DA:229,0
DA:230,0
DA:231,0
DA:233,0
LF:95
LH:23
end_of_record
SF:lib\features\home\presentation\widgets\welcome_header_widget.dart
DA:10,4
DA:19,4
DA:21,4
DA:22,4
DA:23,4
DA:25,4
DA:27,4
DA:29,4
DA:30,4
DA:31,8
DA:33,4
DA:40,8
DA:41,0
DA:46,0
DA:48,0
DA:49,0
DA:52,8
DA:56,8
DA:57,4
DA:65,8
DA:66,0
DA:68,0
DA:69,0
DA:70,0
DA:72,0
DA:74,0
DA:75,0
DA:78,0
DA:81,0
DA:83,0
DA:84,0
DA:91,8
DA:92,0
DA:94,0
DA:95,0
DA:96,0
DA:98,0
DA:100,0
DA:101,0
DA:104,0
DA:107,0
DA:109,0
DA:110,0
DA:121,4
DA:122,8
DA:123,4
DA:125,4
LF:47
LH:21
end_of_record
SF:lib\features\home\presentation\widgets\quick_stats_widget.dart
DA:7,4
DA:16,4
DA:18,4
DA:19,4
DA:20,4
DA:22,4
DA:23,4
DA:24,4
DA:25,4
DA:27,8
DA:28,8
DA:35,4
DA:36,4
DA:38,8
DA:39,8
DA:51,4
DA:67,4
DA:69,4
DA:71,4
DA:72,8
DA:73,4
DA:74,4
DA:75,12
DA:78,4
DA:81,4
DA:82,4
DA:83,4
DA:84,4
DA:85,4
DA:87,8
DA:90,4
DA:91,4
DA:92,12
DA:93,8
DA:100,4
DA:101,4
DA:102,12
DA:103,8
DA:108,4
DA:109,4
DA:110,12
DA:111,8
LF:42
LH:42
end_of_record
SF:lib\features\loading_skeletons\presentation\providers\skeleton_providers.dart
DA:4,20
DA:9,20
DA:10,10
DA:17,8
LF:4
LH:4
end_of_record
SF:lib\features\loading_skeletons\presentation\widgets\loading_state_handler.dart
DA:9,1
DA:22,1
DA:24,1
DA:36,1
DA:38,1
DA:39,2
DA:40,2
DA:44,2
DA:47,2
DA:48,1
DA:52,3
DA:53,2
DA:54,2
DA:56,2
DA:60,1
DA:62,1
DA:64,4
DA:65,2
DA:67,2
DA:68,1
DA:69,2
DA:72,1
DA:77,1
DA:78,1
DA:79,0
DA:83,3
DA:84,3
DA:86,1
DA:87,0
DA:89,1
DA:90,1
DA:91,3
DA:92,3
DA:93,0
DA:99,0
DA:100,0
DA:101,0
DA:102,0
DA:104,0
DA:108,1
DA:110,2
DA:111,2
DA:112,1
DA:115,1
DA:117,1
DA:118,1
DA:119,1
DA:120,1
DA:121,2
DA:124,1
DA:125,2
DA:126,2
LF:52
LH:44
end_of_record
SF:lib\features\loading_skeletons\presentation\widgets\skeleton_chart.dart
DA:6,2
DA:17,1
DA:19,1
DA:20,1
DA:21,1
DA:23,1
DA:25,1
DA:27,1
DA:35,1
DA:36,1
DA:37,1
DA:38,1
DA:41,2
DA:43,1
DA:45,1
DA:47,1
DA:49,1
DA:51,1
DA:53,2
DA:64,1
DA:65,1
DA:67,1
DA:70,3
DA:72,1
DA:82,3
DA:84,1
DA:85,1
DA:88,1
DA:91,1
DA:92,1
DA:93,1
DA:94,1
DA:105,1
DA:124,2
DA:127,1
DA:129,1
DA:130,1
DA:133,1
DA:137,1
LF:39
LH:39
end_of_record
SF:lib\features\loading_skeletons\presentation\widgets\skeleton_container.dart
DA:7,3
DA:20,4
DA:21,4
DA:29,4
DA:31,4
DA:32,8
DA:37,8
DA:40,8
DA:41,4
DA:45,8
DA:48,4
DA:50,8
DA:51,4
DA:54,4
DA:56,8
DA:57,12
DA:60,12
DA:61,0
DA:64,4
DA:65,8
DA:66,8
DA:67,4
DA:68,12
DA:71,1
DA:72,4
DA:76,1
DA:77,1
DA:78,1
DA:79,2
DA:80,1
DA:81,1
DA:82,1
DA:83,3
DA:85,2
DA:89,4
DA:90,4
DA:91,4
DA:92,4
DA:93,4
DA:94,4
DA:95,4
DA:96,4
DA:97,4
DA:98,16
DA:99,12
DA:101,8
LF:46
LH:45
end_of_record
SF:lib\features\loading_skeletons\presentation\widgets\skeleton_circle.dart
DA:6,2
DA:13,4
DA:15,4
DA:16,4
DA:17,4
DA:18,4
DA:19,4
DA:20,4
DA:21,4
DA:22,4
LF:10
LH:10
end_of_record
SF:lib\features\loading_skeletons\presentation\widgets\skeleton_list.dart
DA:6,2
DA:21,1
DA:23,1
DA:25,1
DA:26,3
DA:27,2
DA:28,1
DA:29,1
DA:30,1
DA:37,1
DA:47,1
DA:49,1
DA:50,1
DA:51,1
DA:53,1
DA:54,1
DA:55,2
DA:56,1
DA:59,1
DA:64,1
DA:65,1
DA:68,1
DA:69,1
DA:74,2
DA:76,1
DA:78,4
DA:85,1
DA:86,1
LF:28
LH:28
end_of_record
SF:lib\features\loading_skeletons\presentation\widgets\skeleton_shimmer.dart
DA:6,1
DA:15,1
DA:16,1
DA:23,1
DA:25,1
DA:26,2
DA:31,2
DA:32,2
DA:36,1
DA:38,2
DA:39,1
DA:42,1
DA:44,2
DA:46,2
DA:47,2
DA:50,1
DA:51,1
DA:52,1
DA:53,1
DA:55,1
DA:56,1
DA:59,1
DA:60,3
DA:61,3
DA:62,3
DA:64,1
DA:69,1
DA:70,2
DA:71,1
DA:72,3
DA:75,2
DA:83,1
DA:89,1
DA:91,4
LF:34
LH:34
end_of_record
SF:lib\features\loading_skeletons\presentation\widgets\skeleton_text.dart
DA:6,2
DA:17,4
DA:19,4
DA:20,4
DA:21,4
DA:22,4
DA:23,4
DA:24,4
DA:25,4
DA:26,4
DA:27,8
LF:11
LH:11
end_of_record
SF:lib\features\responsive\presentation\widgets\adaptive_layout.dart
DA:9,1
DA:29,1
DA:31,1
DA:32,1
DA:34,3
DA:35,2
DA:40,2
DA:41,3
DA:42,2
DA:51,0
DA:79,2
DA:81,4
DA:84,2
DA:85,2
DA:88,2
DA:89,2
DA:90,2
DA:91,2
DA:92,2
DA:93,2
DA:95,4
DA:96,2
DA:97,2
DA:98,2
DA:107,0
DA:131,1
DA:133,2
DA:134,3
DA:135,2
DA:137,1
DA:138,1
DA:139,1
DA:141,1
DA:144,1
DA:151,0
DA:179,0
DA:181,0
DA:184,0
DA:185,0
DA:186,0
DA:189,0
DA:190,0
DA:191,0
DA:192,0
DA:193,0
DA:195,0
DA:199,0
LF:47
LH:32
end_of_record
SF:lib\features\responsive\domain\entities\breakpoint.dart
DA:15,6
DA:16,6
DA:17,6
DA:22,1
DA:23,1
DA:24,2
DA:28,12
DA:31,14
DA:34,10
DA:37,2
DA:40,2
LF:11
LH:11
end_of_record
SF:lib\features\responsive\domain\entities\layout_config.dart
DA:6,3
DA:38,3
DA:39,8
DA:43,2
DA:44,4
DA:48,2
DA:49,6
LF:7
LH:7
end_of_record
SF:lib\features\responsive\presentation\providers\layout_provider.dart
DA:7,34
DA:12,34
DA:14,1
DA:19,31
DA:21,1
DA:27,9
DA:38,3
DA:41,3
DA:44,9
DA:47,4
DA:50,0
DA:53,0
DA:56,0
DA:60,27
DA:61,9
DA:62,18
DA:63,18
DA:64,18
DA:66,9
DA:73,9
DA:74,9
DA:75,9
DA:76,9
LF:23
LH:20
end_of_record
SF:lib\features\responsive\presentation\widgets\breakpoint_builder.dart
DA:9,2
DA:18,2
DA:20,2
DA:21,4
DA:26,2
DA:27,2
DA:28,4
DA:29,4
DA:31,2
DA:32,6
DA:40,0
DA:56,1
DA:58,1
DA:61,2
DA:62,3
DA:63,3
DA:71,2
DA:74,3
DA:77,3
DA:80,3
DA:83,3
DA:86,3
LF:22
LH:21
end_of_record
SF:lib\features\table_browse_edit\domain\entities\log_filter.dart
DA:38,9
DA:41,5
DA:42,5
DA:43,5
DA:44,6
DA:45,6
DA:46,6
DA:47,5
DA:48,5
DA:49,5
DA:50,5
DA:51,5
DA:52,5
DA:53,6
DA:56,1
LF:15
LH:15
end_of_record
SF:lib\features\table_browse_edit\domain\entities\log_sort.dart
DA:15,3
DA:57,1
DA:58,1
DA:59,1
DA:60,1
DA:61,1
DA:62,1
DA:63,1
DA:68,1
DA:69,1
DA:70,1
DA:73,4
DA:74,2
LF:13
LH:13
end_of_record
SF:lib\features\table_browse_edit\data\repositories\logs_table_repository_impl.dart
DA:21,1
DA:27,1
DA:37,2
DA:46,4
DA:47,1
DA:49,2
DA:50,2
DA:55,1
DA:61,2
DA:65,1
DA:67,2
DA:68,2
DA:73,1
DA:77,1
DA:80,2
DA:83,2
DA:85,2
DA:87,2
DA:88,2
DA:93,1
DA:100,2
DA:106,2
DA:110,2
DA:111,2
DA:116,1
DA:123,2
DA:129,2
DA:131,1
DA:133,2
DA:134,2
DA:139,1
DA:145,2
DA:151,2
DA:157,2
DA:159,2
DA:160,2
DA:165,1
DA:170,2
DA:173,1
DA:175,2
DA:176,2
DA:181,1
DA:186,2
DA:189,1
DA:191,2
DA:192,2
DA:197,0
DA:205,0
DA:212,0
DA:214,0
DA:216,0
DA:217,0
DA:222,0
DA:229,0
DA:235,0
DA:237,0
DA:239,0
DA:240,0
DA:246,1
DA:248,2
DA:257,1
DA:259,2
DA:270,1
DA:275,2
DA:286,0
DA:292,0
DA:303,0
DA:309,0
DA:321,0
DA:329,0
DA:340,0
DA:341,0
LF:72
LH:52
end_of_record
SF:lib\features\table_browse_edit\domain\usecases\add_tags_to_logs_batch_usecase.dart
DA:10,1
DA:14,1
DA:20,1
DA:28,1
DA:34,1
DA:43,5
DA:44,5
DA:46,2
DA:54,2
DA:60,2
DA:67,2
LF:11
LH:11
end_of_record
SF:lib\features\table_browse_edit\domain\usecases\delete_smoke_log_usecase.dart
DA:13,1
DA:26,1
DA:31,1
DA:38,1
DA:46,2
DA:58,1
DA:71,1
DA:76,1
DA:83,1
DA:91,4
DA:92,1
DA:100,2
DA:108,2
DA:111,2
LF:14
LH:14
end_of_record
SF:lib\features\table_browse_edit\domain\usecases\get_filter_options_usecase.dart
DA:13,1
DA:25,1
DA:29,1
DA:37,2
DA:46,1
DA:58,1
DA:62,1
DA:70,2
LF:8
LH:8
end_of_record
SF:lib\features\table_browse_edit\domain\usecases\get_filtered_sorted_logs_usecase.dart
DA:16,1
DA:32,1
DA:40,1
DA:51,2
DA:58,1
DA:67,1
DA:69,1
DA:77,2
DA:87,1
DA:89,2
DA:90,3
DA:99,1
DA:100,0
DA:107,1
DA:108,0
DA:115,1
DA:116,0
DA:124,1
DA:125,0
DA:132,1
DA:133,0
DA:140,1
DA:141,0
DA:149,1
DA:156,1
DA:163,1
DA:164,0
LF:27
LH:20
end_of_record
SF:lib\features\table_browse_edit\domain\usecases\get_logs_count_usecase.dart
DA:14,1
DA:27,1
DA:32,1
DA:40,2
LF:4
LH:4
end_of_record
SF:lib\features\table_browse_edit\domain\usecases\get_smoke_log_by_id_usecase.dart
DA:14,1
DA:27,1
DA:32,1
DA:39,1
DA:47,2
LF:5
LH:5
end_of_record
SF:lib\features\table_browse_edit\domain\usecases\remove_tags_from_logs_batch_usecase.dart
DA:10,1
DA:14,1
DA:19,1
DA:25,1
DA:31,1
DA:39,5
DA:40,5
DA:42,2
DA:49,2
DA:55,2
DA:62,2
LF:11
LH:11
end_of_record
SF:lib\features\table_browse_edit\domain\usecases\update_smoke_log_usecase.dart
DA:14,1
DA:27,1
DA:32,1
DA:39,2
DA:47,2
DA:55,1
DA:57,1
DA:61,2
DA:62,1
DA:65,2
DA:69,1
DA:71,2
DA:78,2
DA:86,4
DA:94,4
DA:102,1
DA:103,4
DA:111,3
DA:119,4
LF:19
LH:19
end_of_record
SF:lib\features\table_browse_edit\presentation\providers\logs_table_actions_provider.dart
DA:13,1
DA:16,3
DA:20,1
DA:24,1
DA:26,3
DA:27,1
DA:32,1
DA:33,1
DA:34,3
DA:37,1
DA:38,2
DA:41,3
DA:49,3
DA:50,1
DA:51,1
DA:57,1
DA:59,3
DA:63,1
DA:67,1
DA:69,3
DA:70,1
DA:75,1
DA:76,1
DA:77,3
DA:80,1
DA:81,1
DA:84,3
DA:85,3
DA:88,1
DA:89,4
DA:90,1
DA:96,3
DA:97,1
DA:98,1
DA:104,1
DA:106,3
DA:110,1
DA:114,1
DA:116,3
DA:117,1
DA:122,1
DA:123,1
DA:124,3
DA:127,1
DA:128,2
DA:131,3
DA:132,3
DA:135,6
DA:143,1
DA:145,6
DA:147,1
DA:148,1
DA:151,1
DA:158,3
DA:159,1
DA:160,1
DA:167,1
DA:169,3
DA:173,1
DA:174,1
DA:178,6
DA:181,3
DA:182,3
DA:183,3
DA:184,3
DA:187,4
DA:188,5
DA:189,5
DA:191,1
DA:193,3
DA:197,6
DA:202,3
DA:203,1
DA:204,1
DA:210,1
DA:212,3
DA:215,1
DA:220,1
DA:222,3
DA:223,1
DA:229,1
DA:230,1
DA:231,3
DA:234,1
DA:235,2
DA:238,3
DA:239,3
DA:247,3
DA:248,1
DA:249,1
DA:255,1
DA:257,3
DA:260,1
DA:265,1
DA:267,3
DA:268,1
DA:274,1
DA:275,1
DA:276,3
DA:279,1
DA:280,2
DA:283,3
DA:284,3
DA:292,3
DA:293,1
DA:294,1
DA:299,9
DA:300,4
DA:308,2
DA:311,1
DA:312,1
DA:313,5
DA:314,2
DA:318,1
DA:319,1
DA:320,5
DA:321,2
DA:325,1
DA:326,1
DA:327,5
DA:328,2
DA:332,1
DA:333,1
DA:334,5
DA:335,2
DA:339,1
DA:340,1
DA:341,5
DA:342,2
DA:346,1
DA:350,1
DA:351,5
DA:352,1
DA:353,1
DA:360,1
DA:364,1
DA:365,5
DA:366,1
DA:367,1
LF:139
LH:139
end_of_record
SF:lib\features\table_browse_edit\presentation\providers\logs_table_providers.dart
DA:23,2
DA:24,2
DA:25,1
DA:30,0
DA:31,0
DA:32,0
DA:38,4
DA:39,0
DA:40,2
DA:41,0
DA:46,4
DA:47,3
DA:48,0
DA:49,2
DA:53,3
DA:54,0
DA:55,0
DA:59,3
DA:60,0
DA:61,0
DA:65,3
DA:66,0
DA:67,0
DA:71,2
DA:72,1
DA:73,0
DA:74,0
DA:78,2
DA:79,1
DA:80,0
DA:81,0
DA:85,2
DA:86,1
DA:87,0
DA:88,0
DA:92,0
DA:93,0
DA:94,0
DA:98,2
DA:99,1
DA:100,0
DA:101,0
DA:105,3
DA:106,0
DA:107,0
DA:115,2
DA:116,1
DA:117,0
DA:118,0
DA:120,0
DA:121,0
DA:122,0
DA:127,4
DA:128,2
DA:129,0
DA:130,0
DA:132,0
DA:133,0
DA:134,0
DA:147,3
DA:155,2
DA:158,1
DA:159,3
DA:160,3
DA:161,3
DA:162,3
DA:163,3
DA:164,3
DA:166,2
DA:168,6
DA:169,6
DA:170,6
DA:171,6
DA:172,4
DA:177,4
DA:178,4
DA:179,4
DA:180,1
DA:181,1
DA:182,1
DA:183,1
DA:184,1
DA:185,1
DA:188,1
DA:189,1
DA:190,1
DA:196,2
DA:197,2
DA:198,2
DA:199,1
DA:200,1
DA:201,1
DA:204,1
DA:205,0
DA:206,1
DA:212,0
DA:213,0
DA:214,0
DA:215,0
DA:216,0
DA:221,0
DA:222,0
DA:223,0
LF:103
LH:59
end_of_record
SF:lib\features\table_browse_edit\presentation\providers\logs_table_state_provider.dart
DA:41,5
DA:44,10
DA:47,5
DA:50,3
DA:53,12
DA:56,12
DA:59,6
DA:62,6
DA:63,3
DA:64,4
DA:65,3
DA:66,3
DA:67,3
DA:73,5
DA:74,10
DA:77,3
DA:78,12
DA:86,3
DA:87,3
DA:91,1
DA:92,4
DA:100,1
DA:101,2
DA:102,4
DA:103,3
DA:110,1
DA:111,2
DA:112,4
DA:113,3
DA:120,1
DA:121,4
DA:122,4
DA:130,1
DA:131,4
DA:139,1
DA:140,4
DA:144,2
DA:145,6
DA:146,2
DA:147,1
DA:149,2
DA:151,8
DA:155,1
DA:156,4
DA:157,3
DA:158,1
DA:159,4
DA:163,2
DA:164,8
DA:168,1
DA:169,4
DA:173,2
DA:174,8
DA:178,1
DA:179,4
DA:183,2
DA:184,8
DA:189,10
DA:190,5
DA:191,6
DA:195,6
DA:196,2
DA:197,6
DA:198,2
LF:64
LH:64
end_of_record
SF:lib\features\table_browse_edit\presentation\widgets\logs_table_header.dart
DA:14,1
DA:19,1
DA:21,4
DA:22,5
DA:23,1
DA:25,1
DA:27,1
DA:28,2
DA:29,1
DA:30,1
DA:31,1
DA:36,1
DA:39,1
DA:41,1
DA:43,1
DA:46,1
DA:47,1
DA:49,0
DA:54,1
DA:58,1
DA:59,0
DA:64,1
DA:68,1
DA:69,0
DA:74,1
DA:81,1
DA:85,1
DA:86,0
DA:91,1
DA:95,1
DA:96,0
DA:103,1
DA:110,1
DA:123,1
DA:131,1
DA:135,4
DA:140,1
DA:155,1
DA:163,2
DA:164,1
DA:166,1
DA:169,1
DA:170,0
DA:171,0
DA:175,0
DA:177,1
DA:180,1
DA:182,1
DA:183,1
DA:187,3
DA:189,2
DA:193,1
DA:195,2
DA:201,2
DA:202,2
DA:212,1
DA:213,2
DA:225,0
DA:226,0
DA:232,0
LF:60
LH:49
end_of_record
SF:lib\features\table_browse_edit\presentation\widgets\logs_table_content.dart
DA:18,1
DA:23,1
DA:25,4
DA:26,4
DA:28,1
DA:29,1
DA:30,2
DA:31,1
DA:32,0
DA:33,0
DA:35,0
DA:36,0
DA:46,2
DA:48,1
DA:68,1
DA:73,1
DA:75,1
DA:76,1
DA:78,1
DA:85,1
DA:87,3
DA:90,1
DA:91,1
DA:92,3
DA:96,1
DA:97,1
DA:113,0
DA:119,0
DA:121,0
DA:122,0
DA:125,0
DA:126,0
DA:127,0
DA:129,0
DA:130,0
DA:131,0
DA:132,0
DA:134,0
DA:141,0
DA:142,0
DA:143,0
DA:145,0
DA:152,0
DA:153,0
DA:156,0
DA:159,0
DA:160,0
DA:163,0
DA:166,0
DA:168,0
DA:169,0
DA:171,0
DA:172,0
DA:184,0
DA:190,0
DA:192,0
DA:193,0
DA:194,0
DA:195,0
DA:196,0
DA:203,0
DA:210,0
DA:213,0
DA:214,0
DA:215,0
DA:216,0
DA:222,0
DA:229,0
DA:231,0
DA:233,0
DA:235,0
DA:237,0
DA:238,0
DA:240,0
DA:255,0
DA:262,0
DA:264,0
DA:266,0
DA:268,0
DA:274,0
DA:275,0
DA:276,0
DA:280,0
DA:281,0
DA:284,0
DA:286,0
DA:287,0
DA:288,0
DA:295,0
DA:301,0
DA:303,0
DA:305,0
DA:306,0
DA:308,0
DA:309,0
DA:310,0
DA:313,0
DA:314,0
DA:315,0
DA:322,0
DA:324,0
DA:326,0
DA:327,0
DA:336,0
DA:337,0
DA:338,0
DA:339,0
DA:352,0
DA:353,0
DA:354,0
DA:358,0
DA:359,0
LF:112
LH:22
end_of_record
SF:lib\features\table_browse_edit\presentation\widgets\logs_table_filter_bar.dart
DA:14,2
DA:19,2
DA:21,8
DA:22,10
DA:23,2
DA:25,2
DA:27,2
DA:28,4
DA:29,2
DA:30,2
DA:31,2
DA:36,2
DA:38,2
DA:40,2
DA:41,2
DA:42,2
DA:44,4
DA:49,2
DA:50,1
DA:51,2
DA:54,1
DA:55,2
DA:60,2
DA:61,1
DA:62,2
DA:63,2
DA:64,2
DA:68,4
DA:76,2
DA:77,1
DA:80,1
DA:82,2
DA:83,0
DA:84,1
DA:86,1
DA:87,4
DA:89,0
DA:90,0
DA:98,3
DA:99,5
DA:101,1
DA:103,0
DA:104,0
DA:105,0
DA:106,0
DA:112,2
DA:113,0
DA:114,1
DA:116,1
DA:117,2
DA:118,2
DA:121,0
DA:122,0
DA:130,3
DA:131,2
DA:132,3
DA:134,1
DA:136,0
DA:137,0
DA:139,0
DA:140,0
DA:146,2
DA:147,0
DA:148,1
DA:150,1
DA:151,4
DA:153,0
DA:154,0
DA:168,1
DA:174,1
DA:175,1
DA:176,1
DA:178,3
DA:179,3
DA:180,1
DA:181,3
DA:187,1
DA:189,3
DA:191,0
DA:193,0
DA:199,1
DA:200,4
DA:204,1
DA:205,2
DA:206,2
DA:209,1
DA:211,0
DA:213,0
DA:219,1
DA:221,1
DA:223,0
DA:225,0
DA:231,1
DA:236,1
DA:239,2
DA:241,0
DA:252,1
DA:257,1
DA:258,1
DA:264,1
DA:266,1
DA:267,3
DA:270,1
DA:272,1
DA:276,1
DA:277,1
DA:278,1
DA:279,3
DA:282,1
DA:283,1
DA:285,1
DA:287,1
DA:288,1
DA:289,1
DA:290,2
DA:294,1
DA:295,1
DA:304,1
DA:305,0
DA:306,0
DA:307,0
DA:317,1
DA:318,1
DA:321,1
DA:323,1
DA:326,1
DA:327,1
DA:328,1
DA:330,3
DA:331,0
DA:332,0
DA:335,0
DA:337,1
DA:339,3
DA:340,0
DA:341,0
DA:344,0
DA:353,1
DA:365,1
DA:368,1
DA:369,1
DA:370,1
DA:371,1
DA:372,3
DA:373,4
DA:379,1
DA:380,5
DA:381,6
DA:383,0
DA:384,0
DA:385,0
DA:386,0
DA:387,0
DA:389,0
DA:390,0
DA:404,1
DA:406,1
DA:407,1
DA:408,1
DA:409,2
DA:413,1
DA:414,1
DA:415,1
DA:416,1
DA:417,0
DA:422,1
DA:423,1
DA:424,0
DA:425,0
DA:426,0
DA:441,1
DA:446,1
DA:448,1
DA:449,1
DA:450,1
DA:451,1
DA:453,1
DA:468,0
DA:469,0
DA:471,0
DA:472,0
DA:473,0
DA:477,0
DA:478,0
DA:483,0
DA:484,0
DA:486,0
DA:487,0
DA:488,0
DA:492,0
DA:493,0
LF:191
LH:133
end_of_record
SF:lib\features\table_browse_edit\presentation\widgets\logs_table_pagination.dart
DA:13,1
DA:18,1
DA:20,4
DA:21,5
DA:22,1
DA:24,2
DA:28,0
DA:30,0
DA:31,0
DA:32,0
DA:33,0
DA:34,0
DA:39,0
DA:41,0
DA:42,0
DA:44,0
DA:49,0
DA:57,0
DA:62,0
DA:64,0
DA:65,0
DA:67,0
DA:70,0
DA:71,0
DA:78,0
DA:80,0
DA:89,0
DA:94,0
DA:95,0
DA:96,0
DA:98,0
DA:100,0
DA:102,0
DA:103,0
DA:104,0
DA:110,0
DA:112,0
DA:118,0
DA:119,0
LF:39
LH:6
end_of_record
SF:lib\features\table_browse_edit\presentation\widgets\logs_table_selection_toolbar.dart
DA:16,1
DA:21,1
DA:23,4
DA:24,5
DA:25,4
DA:26,1
DA:28,1
DA:30,1
DA:31,3
DA:32,1
DA:33,1
DA:34,1
DA:39,1
DA:41,1
DA:42,1
DA:44,1
DA:45,3
DA:46,3
DA:47,2
DA:55,2
DA:56,1
DA:57,5
DA:58,1
DA:59,1
DA:60,2
DA:62,1
DA:67,1
DA:69,1
DA:70,1
DA:75,1
DA:76,1
DA:79,1
DA:80,2
DA:85,1
DA:86,1
DA:91,1
DA:92,1
DA:94,2
DA:95,1
DA:97,1
DA:98,1
DA:101,1
DA:102,2
DA:110,1
DA:126,1
DA:130,1
DA:131,2
DA:141,1
DA:142,0
DA:145,1
DA:146,2
DA:150,1
DA:153,1
DA:154,0
DA:157,1
DA:158,2
DA:159,2
DA:169,0
DA:174,0
DA:176,0
DA:178,0
DA:180,0
DA:181,0
DA:183,0
DA:184,0
DA:185,0
DA:188,0
DA:189,0
DA:190,0
DA:197,0
DA:199,0
DA:201,0
DA:202,0
DA:203,0
DA:204,0
DA:210,0
DA:211,0
DA:212,0
DA:213,0
DA:222,1
DA:230,1
DA:234,1
DA:235,2
DA:236,1
DA:237,2
DA:243,0
DA:244,0
DA:245,0
DA:246,0
DA:254,1
DA:262,1
DA:266,1
DA:267,2
DA:268,1
DA:269,2
DA:275,0
DA:276,0
DA:277,0
DA:278,0
DA:286,1
DA:288,1
DA:290,2
DA:292,1
DA:293,1
DA:294,1
DA:295,1
DA:296,0
DA:299,1
DA:300,3
DA:301,1
DA:309,1
DA:315,1
DA:317,1
DA:318,1
DA:319,1
DA:320,1
DA:321,1
DA:322,1
DA:324,1
DA:325,1
DA:328,1
DA:329,1
DA:330,1
DA:331,1
DA:332,1
DA:333,1
DA:334,1
DA:335,2
DA:337,1
DA:339,0
DA:348,1
DA:349,1
DA:350,0
DA:353,1
DA:354,1
DA:356,2
DA:357,2
LF:137
LH:102
end_of_record
SF:lib\features\table_browse_edit\presentation\widgets\logs_table_row.dart
DA:16,1
DA:25,1
DA:27,1
DA:29,1
DA:30,1
DA:31,1
DA:32,3
DA:34,1
DA:35,1
DA:36,1
DA:41,1
DA:43,4
DA:44,1
DA:46,1
DA:47,1
DA:49,1
DA:51,1
DA:52,1
DA:53,3
DA:58,1
DA:60,1
DA:63,1
DA:64,1
DA:65,3
DA:66,2
DA:68,1
DA:69,3
DA:70,3
DA:71,2
DA:79,1
DA:81,1
DA:82,3
DA:83,2
DA:90,1
DA:92,1
DA:93,2
DA:94,2
DA:101,1
DA:103,1
DA:106,1
DA:108,1
DA:109,1
DA:110,3
DA:112,3
DA:115,1
DA:117,3
DA:118,2
DA:126,1
DA:128,1
DA:131,1
DA:133,1
DA:134,1
DA:137,3
DA:140,1
DA:142,3
DA:143,2
DA:151,1
DA:152,1
DA:153,6
DA:154,3
DA:155,4
DA:157,2
DA:165,1
DA:167,1
DA:170,1
DA:172,1
DA:173,1
DA:174,1
DA:179,1
DA:180,1
DA:198,1
DA:202,1
DA:208,1
DA:212,1
DA:213,4
DA:217,1
DA:219,7
DA:220,3
DA:221,2
DA:222,1
DA:226,1
DA:228,2
DA:231,1
DA:232,1
DA:236,2
DA:237,1
DA:238,1
DA:244,3
DA:245,3
DA:246,1
DA:250,1
DA:251,1
DA:252,1
DA:253,1
DA:254,1
DA:259,1
DA:260,1
DA:261,1
DA:262,2
DA:263,1
DA:268,1
DA:269,1
DA:270,1
DA:271,2
DA:272,1
LF:105
LH:105
end_of_record
SF:lib\features\table_browse_edit\presentation\widgets\logs_table_edit_modal.dart
DA:14,1
DA:20,1
DA:21,1
DA:30,1
DA:32,1
DA:33,2
DA:34,6
DA:36,2
DA:37,3
DA:41,1
DA:43,2
DA:44,2
DA:45,1
DA:48,1
DA:50,1
DA:54,1
DA:55,1
DA:56,1
DA:57,3
DA:60,1
DA:61,1
DA:63,1
DA:67,1
DA:68,3
DA:69,1
DA:74,1
DA:76,1
DA:77,1
DA:78,1
DA:80,3
DA:83,1
DA:85,3
DA:89,1
DA:91,2
DA:92,1
DA:105,1
DA:106,1
DA:107,1
DA:108,1
DA:111,1
DA:113,1
DA:118,1
DA:123,1
DA:128,1
DA:129,1
DA:130,1
DA:131,1
DA:133,0
DA:138,1
DA:139,1
DA:141,2
DA:142,1
DA:156,1
DA:157,4
DA:170,1
DA:171,1
DA:173,1
DA:174,1
DA:176,1
DA:178,1
DA:179,1
DA:181,3
DA:186,5
DA:187,4
DA:188,5
DA:189,1
DA:190,4
DA:191,3
DA:192,5
DA:200,1
DA:201,1
DA:203,1
DA:205,1
DA:206,1
DA:208,1
DA:209,1
DA:213,1
DA:214,1
DA:222,1
DA:223,1
DA:225,1
DA:233,1
DA:234,1
DA:236,1
DA:237,1
DA:241,1
DA:246,1
DA:250,1
DA:261,1
DA:262,1
DA:264,1
DA:278,1
DA:279,3
DA:283,2
DA:284,1
DA:288,3
DA:289,4
DA:290,1
DA:291,4
DA:293,0
DA:294,1
DA:297,3
DA:299,1
DA:300,3
DA:301,3
DA:309,0
DA:310,0
DA:311,0
DA:312,0
DA:318,1
DA:319,2
DA:320,1
DA:327,1
DA:328,3
DA:329,3
DA:330,2
DA:332,5
DA:333,3
DA:334,2
DA:336,1
LF:120
LH:114
end_of_record
SF:lib\domain\models\goal.g.dart
DA:9,2
DA:10,1
DA:11,1
DA:12,1
DA:13,2
DA:14,1
DA:15,2
DA:16,1
DA:18,2
DA:19,1
DA:20,2
DA:21,1
DA:23,2
DA:26,1
DA:27,1
DA:28,1
DA:29,1
DA:30,1
DA:31,1
DA:32,1
DA:33,2
DA:34,2
DA:35,1
DA:36,1
DA:37,2
LF:25
LH:25
end_of_record
SF:lib\features\accessibility_foundation\accessibility_foundation.dart
DA:21,1
DA:22,1
DA:23,1
DA:27,1
DA:29,1
DA:34,0
DA:35,0
DA:39,0
DA:40,0
DA:47,0
DA:48,0
DA:51,0
DA:52,0
DA:55,0
DA:56,0
DA:59,0
DA:62,0
DA:63,0
DA:66,0
DA:67,0
DA:70,0
DA:71,0
LF:22
LH:5
end_of_record
SF:lib\data\services\background_sync_service.dart
DA:37,1
DA:46,1
DA:47,1
DA:50,2
DA:53,1
DA:54,3
DA:61,4
DA:65,0
DA:70,1
DA:71,4
DA:72,1
DA:73,2
DA:74,1
DA:75,1
DA:76,1
DA:78,2
DA:79,2
DA:80,1
DA:81,2
DA:82,2
DA:83,1
DA:86,0
DA:91,1
DA:92,1
DA:94,2
DA:95,2
DA:96,1
DA:99,1
DA:102,2
DA:106,1
DA:107,2
DA:108,2
DA:109,1
DA:110,1
DA:114,1
DA:115,2
DA:116,2
DA:117,1
DA:118,1
DA:122,1
DA:123,2
DA:124,1
DA:128,1
DA:129,2
DA:130,2
DA:135,1
DA:136,2
DA:139,2
DA:140,2
DA:141,1
DA:142,1
DA:143,1
DA:146,2
DA:147,1
DA:152,2
DA:154,1
DA:155,1
DA:156,4
DA:157,1
DA:159,1
DA:160,1
DA:161,2
DA:162,1
DA:163,1
DA:167,4
DA:173,2
DA:174,1
DA:176,1
DA:178,1
DA:182,3
DA:184,1
DA:185,1
DA:186,1
DA:188,1
DA:194,3
DA:195,2
DA:196,1
DA:201,1
DA:202,2
DA:204,4
DA:208,2
DA:210,1
DA:213,2
DA:214,4
DA:215,3
DA:218,0
DA:219,0
DA:221,1
DA:222,2
DA:223,3
DA:226,1
DA:227,4
DA:230,0
DA:233,0
DA:234,0
DA:239,1
DA:240,2
DA:241,1
DA:249,1
DA:250,4
DA:251,1
DA:254,1
DA:255,4
DA:258,2
DA:259,2
DA:261,3
DA:264,3
DA:265,2
DA:266,0
DA:272,1
DA:273,1
DA:274,2
DA:278,1
DA:279,2
DA:280,2
DA:281,2
DA:282,1
DA:287,3
DA:288,0
DA:291,0
DA:294,0
DA:295,0
DA:296,0
DA:298,0
DA:306,0
DA:307,0
DA:314,0
DA:315,0
DA:316,0
DA:317,0
DA:324,0
DA:326,0
DA:327,0
DA:331,0
DA:332,0
DA:333,0
DA:335,0
DA:337,0
DA:338,0
LF:139
LH:110
end_of_record
SF:lib\features\edit_inline_snackbar\presentation\providers\edit_inline_snackbar_providers.dart
DA:17,2
DA:25,2
DA:32,2
DA:33,2
DA:34,2
DA:35,2
DA:36,1
DA:45,2
DA:48,2
DA:50,2
DA:51,2
DA:55,1
DA:56,1
DA:58,3
DA:59,2
DA:62,1
DA:63,2
DA:66,0
DA:67,0
DA:69,0
DA:73,2
DA:74,2
DA:78,6
DA:79,2
DA:80,4
DA:81,2
DA:84,4
DA:86,8
DA:87,2
DA:89,2
DA:90,1
DA:91,2
DA:94,2
DA:95,4
DA:97,2
DA:98,2
DA:108,6
DA:110,4
LF:38
LH:35
end_of_record
SF:lib\features\error_boundary\data\services\share_service.dart
DA:29,1
DA:45,2
DA:49,0
DA:57,1
DA:68,1
DA:75,1
DA:81,2
DA:83,1
DA:84,3
DA:85,1
DA:88,1
DA:98,1
DA:99,1
DA:100,1
LF:14
LH:13
end_of_record
SF:lib\features\error_boundary\domain\entities\error_event.dart
DA:4,4
DA:22,3
DA:28,6
DA:30,2
DA:33,4
DA:36,2
DA:37,4
DA:38,2
DA:40,3
DA:44,3
DA:45,3
DA:56,2
DA:57,2
DA:58,2
DA:60,4
DA:63,4
DA:66,4
DA:67,2
DA:70,2
DA:74,1
DA:75,1
DA:76,3
DA:83,3
DA:84,3
DA:85,3
DA:86,12
DA:87,9
DA:88,9
DA:89,3
DA:91,3
DA:92,6
DA:93,2
DA:94,1
DA:95,1
DA:96,2
DA:98,4
DA:99,1
DA:100,4
DA:103,3
DA:104,3
DA:107,3
LF:41
LH:41
end_of_record
SF:lib\features\error_boundary\domain\usecases\reset_error_boundary_use_case.dart
DA:7,1
DA:11,2
DA:21,2
DA:23,0
LF:4
LH:3
end_of_record
SF:lib\features\edit_inline_snackbar\presentation\widgets\inline_edit_snackbar.dart
DA:18,1
DA:26,1
DA:27,1
DA:35,1
DA:37,1
DA:38,4
DA:39,2
DA:41,0
DA:42,0
DA:45,0
DA:46,0
DA:49,0
DA:50,0
DA:52,0
DA:53,0
DA:58,1
DA:60,2
DA:61,1
DA:64,1
DA:66,2
DA:67,2
DA:68,4
DA:70,2
DA:71,5
DA:74,1
DA:75,1
DA:76,1
DA:77,1
DA:79,1
DA:82,1
DA:83,1
DA:84,1
DA:85,1
DA:86,1
DA:88,1
DA:89,1
DA:90,2
DA:91,1
DA:92,1
DA:98,1
DA:99,0
DA:101,0
DA:102,0
DA:103,0
DA:107,0
DA:108,0
DA:111,1
DA:112,1
DA:120,1
DA:121,1
DA:122,1
DA:123,1
DA:125,0
DA:126,1
DA:129,1
DA:130,4
DA:131,1
DA:132,1
DA:137,1
DA:139,0
DA:140,1
DA:143,1
DA:144,1
DA:146,1
DA:147,1
DA:149,2
DA:150,1
DA:151,1
DA:152,1
DA:156,1
DA:157,0
DA:160,0
DA:162,0
DA:167,1
DA:168,1
DA:175,1
DA:176,1
DA:179,1
DA:182,1
DA:183,2
DA:185,2
DA:186,1
DA:187,1
DA:188,1
DA:189,2
DA:192,2
DA:193,1
DA:195,1
DA:197,0
DA:198,0
DA:199,0
DA:200,0
DA:217,1
DA:220,1
DA:222,1
DA:225,1
DA:226,1
DA:227,1
DA:228,1
DA:229,3
DA:231,2
DA:233,2
DA:240,0
DA:248,0
DA:251,0
DA:253,0
DA:254,0
DA:260,0
LF:108
LH:79
end_of_record
SF:lib\features\error_boundary\domain\usecases\capture_error_use_case.dart
DA:9,2
DA:17,2
DA:24,2
DA:34,6
DA:35,4
DA:36,6
DA:37,2
DA:39,1
DA:40,1
DA:41,1
DA:42,3
DA:43,2
DA:53,2
DA:58,0
DA:59,0
DA:60,0
DA:66,0
LF:17
LH:13
end_of_record
SF:lib\features\error_boundary\domain\usecases\share_diagnostics_use_case.dart
DA:9,2
DA:17,2
DA:21,2
DA:23,4
DA:28,2
DA:29,2
DA:30,4
DA:33,0
DA:43,1
DA:49,1
DA:51,1
DA:52,1
DA:53,1
DA:54,1
DA:57,2
DA:60,1
DA:61,1
DA:62,1
DA:63,1
DA:64,2
DA:65,4
DA:69,2
DA:70,1
DA:74,1
DA:75,0
DA:76,2
DA:79,0
LF:27
LH:24
end_of_record
SF:lib\features\error_boundary\presentation\providers\error_boundary_provider.dart
DA:10,3
DA:12,0
DA:16,4
DA:17,1
DA:18,2
DA:23,2
DA:24,2
DA:29,2
DA:30,2
DA:31,1
DA:32,2
DA:38,2
DA:43,1
DA:49,3
DA:50,1
DA:56,1
DA:57,0
DA:59,0
DA:60,0
DA:61,0
DA:62,0
DA:68,1
DA:69,2
DA:75,1
DA:76,3
DA:77,1
DA:79,1
DA:80,0
DA:82,0
DA:84,1
DA:85,1
DA:91,1
DA:92,1
DA:93,1
DA:94,3
DA:95,2
DA:101,2
DA:102,2
DA:103,1
DA:108,1
DA:117,1
DA:121,1
LF:42
LH:34
end_of_record
SF:lib\features\goal_progress\data\repositories\goal_progress_repository_impl.dart
DA:14,1
DA:22,1
DA:27,2
DA:32,1
DA:36,2
DA:37,1
DA:39,2
DA:40,1
DA:46,0
DA:50,0
DA:51,0
DA:54,0
DA:55,0
DA:57,0
DA:58,0
DA:64,0
DA:67,0
DA:68,0
DA:71,0
DA:72,0
DA:74,0
DA:75,0
DA:81,1
DA:88,2
DA:95,2
DA:99,2
DA:105,1
DA:107,2
DA:108,1
DA:113,1
DA:117,2
DA:121,2
DA:122,2
DA:127,1
DA:129,0
DA:130,0
DA:135,1
DA:143,2
DA:144,1
DA:145,2
DA:146,1
DA:147,0
DA:148,1
DA:149,0
DA:152,2
DA:156,0
DA:161,1
DA:165,3
DA:166,1
DA:170,0
DA:171,0
DA:175,0
DA:178,0
DA:182,0
DA:185,0
LF:55
LH:30
end_of_record
SF:lib\features\goal_progress\domain\usecases\get_goal_progress_usecase.dart
DA:13,1
DA:17,1
DA:21,2
DA:22,2
DA:24,1
DA:25,2
DA:26,1
DA:27,1
DA:28,2
DA:29,1
DA:31,1
DA:32,1
DA:35,2
DA:36,2
DA:41,1
DA:42,1
DA:44,1
DA:45,1
DA:47,1
DA:48,1
DA:49,1
DA:55,2
DA:56,1
DA:57,1
DA:60,2
DA:69,2
DA:80,2
DA:89,10
DA:92,12
DA:95,2
DA:96,4
DA:97,10
LF:32
LH:32
end_of_record
SF:lib\features\goal_progress\domain\entities\goal_progress_view.dart
DA:12,2
DA:22,2
DA:23,2
DA:24,2
DA:25,6
DA:26,4
DA:29,4
DA:30,8
DA:32,2
DA:41,2
DA:42,2
DA:43,8
DA:44,8
DA:46,2
DA:47,4
DA:49,8
DA:53,2
DA:54,2
DA:55,2
DA:56,0
DA:57,0
DA:63,1
DA:64,1
DA:65,2
DA:67,0
DA:71,0
DA:72,0
DA:73,0
DA:74,0
DA:79,0
DA:80,0
DA:81,0
DA:82,0
DA:83,0
LF:34
LH:22
end_of_record
SF:lib\features\goal_progress\domain\usecases\update_goal_progress_usecase.dart
DA:12,1
DA:26,1
DA:30,1
DA:34,2
DA:35,1
DA:36,1
DA:39,1
DA:40,2
DA:41,1
DA:43,1
DA:44,3
DA:46,1
DA:47,3
DA:50,1
DA:54,2
LF:15
LH:15
end_of_record
SF:lib\features\error_boundary\presentation\widgets\error_fallback_widget.dart
DA:7,1
DA:22,1
DA:24,1
DA:26,1
DA:27,1
DA:28,1
DA:29,3
DA:30,1
DA:31,1
DA:33,1
DA:35,1
DA:36,1
DA:39,3
DA:43,1
DA:45,4
DA:46,3
DA:51,1
DA:53,4
DA:54,3
DA:58,2
DA:60,1
DA:62,1
DA:63,3
DA:64,1
DA:65,1
DA:66,3
DA:69,1
DA:71,1
DA:72,1
DA:74,3
DA:77,1
DA:78,2
DA:80,4
DA:84,2
DA:86,1
DA:87,2
DA:89,4
DA:100,1
DA:101,1
DA:103,1
DA:104,1
DA:105,1
DA:106,1
DA:107,1
DA:108,2
DA:112,1
DA:114,3
DA:116,3
DA:122,1
DA:123,1
DA:124,1
DA:125,1
DA:126,2
DA:130,1
DA:132,3
DA:133,1
DA:135,3
DA:143,1
DA:144,1
DA:146,4
DA:147,3
LF:61
LH:61
end_of_record
SF:lib\features\goal_progress\presentation\screens\goal_progress_screen.dart
DA:16,1
DA:23,1
DA:25,4
DA:26,2
DA:28,1
DA:29,1
DA:31,3
DA:32,3
DA:35,1
DA:36,1
DA:37,2
DA:39,5
DA:41,1
DA:42,1
DA:46,1
DA:47,1
DA:49,1
DA:50,1
DA:51,1
DA:52,2
DA:53,2
DA:57,1
DA:59,2
DA:60,2
DA:61,0
DA:62,0
DA:67,1
DA:68,1
DA:77,1
DA:79,2
DA:80,1
DA:83,0
DA:84,0
DA:93,1
DA:95,1
DA:118,1
DA:126,1
DA:128,1
DA:129,1
DA:131,1
DA:133,1
DA:134,1
DA:137,3
DA:140,1
DA:142,3
DA:146,1
DA:147,2
DA:148,4
DA:154,1
DA:155,1
LF:50
LH:46
end_of_record
SF:lib\features\goal_progress\presentation\providers\goal_progress_providers.dart
DA:14,0
DA:15,0
DA:16,0
DA:21,0
DA:22,0
DA:23,0
DA:29,0
DA:30,0
DA:31,0
DA:32,0
DA:37,0
DA:38,0
DA:39,0
DA:43,0
DA:44,0
DA:45,0
DA:51,2
DA:52,1
DA:53,0
DA:54,0
DA:56,0
DA:57,0
DA:58,0
DA:66,0
DA:69,0
DA:73,0
DA:74,0
DA:76,0
DA:77,0
DA:79,0
DA:80,0
DA:81,0
DA:84,0
DA:85,0
DA:88,0
DA:94,0
DA:95,0
DA:96,0
DA:102,4
DA:107,0
DA:108,0
DA:110,0
DA:111,0
DA:112,0
DA:113,0
DA:118,0
DA:119,0
DA:121,0
DA:122,0
DA:123,0
DA:124,0
LF:51
LH:3
end_of_record
SF:lib\features\goal_progress\presentation\widgets\goal_card_list.dart
DA:11,1
DA:20,1
DA:22,2
DA:23,0
DA:26,1
DA:28,2
DA:29,0
DA:30,1
DA:31,1
DA:32,2
DA:33,1
DA:42,0
DA:46,0
DA:48,0
DA:50,0
DA:51,0
DA:53,0
DA:55,0
DA:56,0
DA:57,0
DA:59,0
DA:62,0
DA:63,0
DA:66,0
DA:67,0
DA:71,0
DA:72,0
DA:75,0
DA:76,0
LF:29
LH:9
end_of_record
SF:lib\features\goal_progress\presentation\widgets\dashboard_header.dart
DA:9,1
DA:22,1
DA:24,1
DA:26,1
DA:29,1
DA:30,1
DA:31,1
DA:32,2
DA:33,3
DA:38,1
DA:39,1
DA:40,1
DA:41,3
DA:47,1
DA:48,1
DA:50,1
DA:52,1
DA:53,1
DA:54,1
DA:58,1
DA:59,1
DA:60,1
DA:61,1
DA:74,1
DA:82,1
DA:84,1
DA:87,1
DA:89,1
DA:91,1
DA:94,1
DA:97,4
DA:98,1
DA:99,4
DA:104,1
DA:107,1
DA:108,2
DA:111,1
DA:112,3
DA:117,1
DA:118,3
DA:119,4
DA:121,3
DA:132,1
DA:144,1
DA:146,1
DA:148,1
DA:149,1
DA:151,2
DA:152,1
DA:155,1
DA:157,2
DA:158,1
DA:161,1
DA:163,2
DA:164,1
DA:173,1
DA:183,1
DA:185,1
DA:186,1
DA:187,1
DA:188,2
DA:189,4
DA:190,4
DA:193,1
DA:194,1
DA:195,4
DA:197,3
LF:67
LH:67
end_of_record
SF:lib\features\goal_progress\presentation\widgets\section_tabs.dart
DA:10,1
DA:23,1
DA:25,1
DA:27,1
DA:29,1
DA:30,3
DA:31,1
DA:33,1
DA:34,1
DA:35,1
DA:36,1
DA:38,1
DA:39,2
DA:40,0
DA:43,1
DA:44,1
DA:46,1
DA:47,2
DA:48,0
DA:59,1
DA:71,1
DA:73,1
DA:75,1
DA:76,1
DA:77,1
DA:78,1
DA:81,1
DA:82,3
DA:83,1
DA:84,1
DA:85,1
DA:86,1
DA:87,3
DA:94,1
DA:96,1
DA:97,1
DA:98,1
DA:99,3
DA:100,1
DA:101,1
DA:102,2
DA:103,2
DA:106,3
DA:108,1
DA:110,1
DA:111,1
DA:112,2
DA:113,3
DA:114,1
DA:116,1
DA:117,2
DA:118,3
DA:119,1
DA:120,2
DA:121,2
LF:55
LH:53
end_of_record
SF:lib\features\goal_progress\presentation\widgets\empty_state.dart
DA:9,1
DA:11,1
DA:13,1
DA:15,1
DA:16,1
DA:18,1
DA:20,1
DA:22,1
DA:24,1
DA:25,3
DA:28,1
DA:31,2
DA:38,1
DA:40,3
DA:42,2
DA:49,1
DA:51,3
DA:52,2
DA:60,1
DA:61,1
DA:63,1
DA:67,1
DA:78,1
DA:79,1
DA:81,1
DA:91,1
DA:92,2
DA:100,1
DA:101,1
DA:103,2
DA:114,1
DA:115,1
DA:116,0
LF:33
LH:32
end_of_record
SF:lib\features\goal_progress\presentation\widgets\goal_progress_card.dart
DA:10,1
DA:19,1
DA:21,1
DA:22,2
DA:24,1
DA:26,1
DA:28,1
DA:30,1
DA:32,1
DA:33,1
DA:34,1
DA:35,1
DA:37,1
DA:38,1
DA:39,2
DA:40,3
DA:45,1
DA:46,1
DA:47,3
DA:48,2
DA:54,1
DA:55,1
DA:56,1
DA:64,1
DA:65,0
DA:66,1
DA:67,2
DA:75,1
DA:76,1
DA:77,1
DA:78,0
DA:79,0
DA:84,1
DA:85,1
DA:86,1
DA:89,0
DA:91,2
DA:94,1
DA:95,4
DA:101,1
DA:109,1
DA:111,1
DA:113,1
DA:115,1
DA:117,1
DA:118,1
DA:119,1
DA:120,2
DA:122,1
DA:124,3
DA:132,1
DA:133,1
DA:134,0
DA:137,2
DA:138,0
DA:141,3
DA:145,2
DA:151,1
DA:155,1
DA:157,1
DA:159,1
DA:161,1
DA:163,1
DA:165,1
DA:166,1
DA:167,2
DA:168,3
DA:172,1
DA:173,5
DA:174,3
DA:175,2
DA:185,1
DA:186,2
DA:187,3
DA:188,1
DA:189,1
DA:197,1
DA:198,2
DA:199,0
DA:202,3
DA:206,2
DA:212,0
DA:216,0
DA:218,0
DA:220,0
DA:221,0
DA:222,0
DA:224,0
DA:228,0
DA:229,0
DA:230,0
DA:231,0
LF:92
LH:74
end_of_record
SF:lib\features\home_widgets\data\datasources\home_widgets_local_datasource_impl.dart
DA:10,2
DA:17,2
DA:19,6
DA:20,2
DA:23,1
DA:25,3
DA:26,1
DA:29,1
DA:33,1
DA:38,5
DA:40,2
DA:41,2
DA:45,1
DA:47,2
DA:48,1
DA:49,1
DA:51,5
DA:61,2
DA:63,4
DA:64,2
DA:65,4
DA:68,1
DA:70,2
DA:71,5
DA:73,2
DA:74,1
DA:75,2
DA:79,1
DA:82,5
DA:84,2
DA:85,2
DA:86,1
DA:87,5
DA:89,3
DA:90,1
DA:96,1
DA:98,3
DA:101,1
DA:103,3
DA:104,1
DA:107,1
DA:110,2
DA:111,2
DA:114,2
DA:116,10
DA:117,6
LF:46
LH:46
end_of_record
SF:lib\features\home_widgets\data\models\widget_data_model.dart
DA:28,4
DA:30,2
DA:31,2
DA:34,2
DA:35,2
DA:36,2
DA:37,2
DA:38,4
DA:39,4
DA:40,2
DA:41,2
DA:42,2
DA:43,2
DA:44,2
DA:45,2
DA:46,2
DA:51,3
DA:52,3
DA:53,3
DA:54,3
DA:55,6
DA:56,6
DA:57,3
DA:58,3
DA:59,3
DA:60,3
DA:61,3
DA:62,3
DA:63,3
DA:68,3
DA:69,3
DA:70,9
DA:71,1
DA:76,3
DA:77,3
DA:78,9
DA:79,1
LF:37
LH:37
end_of_record
SF:lib\features\home_widgets\data\models\widget_data_model.g.dart
DA:9,2
DA:11,2
DA:12,2
DA:13,2
DA:14,2
DA:15,2
DA:16,4
DA:17,4
DA:18,4
DA:19,4
DA:20,2
DA:22,2
DA:23,2
DA:24,2
DA:27,3
DA:29,3
DA:30,3
DA:31,3
DA:32,3
DA:33,3
DA:34,3
DA:35,3
DA:36,6
DA:37,6
DA:38,4
DA:39,3
DA:40,3
LF:27
LH:27
end_of_record
SF:lib\features\home_widgets\domain\entities\widget_data.dart
DA:26,8
DA:29,1
DA:31,1
DA:32,4
DA:37,1
DA:39,3
DA:43,1
DA:44,2
DA:45,4
DA:49,1
DA:50,4
DA:54,1
DA:55,1
DA:56,2
DA:58,2
DA:60,2
DA:61,2
DA:62,2
DA:63,2
DA:65,2
DA:70,1
DA:71,2
DA:72,2
DA:73,2
DA:74,2
DA:75,3
DA:76,1
DA:80,1
DA:81,1
DA:82,4
DA:86,1
DA:87,2
DA:89,1
DA:90,1
DA:95,1
DA:96,2
DA:98,1
DA:99,1
LF:38
LH:38
end_of_record
SF:lib\features\home_widgets\domain\entities\widget_size.dart
DA:18,2
DA:19,2
DA:20,2
DA:21,2
DA:24,9
DA:27,6
LF:6
LH:6
end_of_record
SF:lib\features\home_widgets\domain\entities\widget_tap_action.dart
DA:18,2
DA:19,2
DA:20,2
DA:21,1
DA:22,1
DA:26,2
LF:6
LH:6
end_of_record
SF:lib\features\home_widgets\data\repositories\home_widgets_repository_impl.dart
DA:15,2
DA:23,2
DA:28,4
DA:29,2
DA:30,5
DA:34,2
DA:37,1
DA:38,0
DA:41,3
DA:42,1
DA:43,2
DA:44,2
DA:48,1
DA:52,2
DA:54,2
DA:58,2
DA:61,0
DA:63,0
DA:64,1
DA:65,1
DA:66,3
DA:70,1
DA:79,1
DA:80,2
DA:83,1
DA:84,1
DA:86,2
DA:87,2
DA:89,1
DA:92,1
DA:93,1
DA:103,2
DA:106,2
DA:108,2
DA:109,0
DA:110,0
DA:111,0
DA:115,1
DA:118,1
DA:122,2
DA:125,2
DA:127,2
DA:128,1
DA:129,2
DA:130,2
DA:134,1
DA:138,2
DA:141,2
DA:143,1
DA:144,1
DA:145,2
DA:146,2
DA:150,0
DA:157,0
DA:158,0
DA:159,0
DA:160,0
DA:161,0
DA:164,0
DA:165,0
DA:168,0
DA:171,0
DA:172,0
DA:173,0
DA:177,0
DA:182,0
DA:183,0
DA:184,0
DA:187,0
DA:188,0
DA:191,0
DA:192,0
DA:195,0
DA:196,0
DA:199,0
DA:200,0
DA:203,0
DA:205,0
DA:206,0
DA:207,0
DA:208,0
DA:212,2
DA:215,4
DA:216,2
DA:217,1
DA:218,2
DA:219,2
DA:223,2
DA:226,4
DA:227,2
DA:228,1
DA:229,1
DA:230,3
LF:93
LH:58
end_of_record
SF:lib\features\home_widgets\domain\usecases\base_usecase.dart
DA:13,1
DA:18,4
DA:24,1
LF:3
LH:3
end_of_record
SF:lib\features\home_widgets\domain\usecases\create_widget_usecase.dart
DA:13,2
DA:29,2
DA:33,2
DA:36,4
DA:37,2
DA:43,4
DA:44,2
DA:45,2
DA:46,2
DA:47,2
DA:48,2
LF:11
LH:11
end_of_record
SF:lib\features\home_widgets\domain\usecases\get_all_widgets_usecase.dart
DA:11,2
DA:15,2
DA:18,6
LF:3
LH:3
end_of_record
SF:lib\features\home_widgets\domain\usecases\refresh_widget_data_usecase.dart
DA:12,1
DA:16,1
DA:20,2
DA:21,1
DA:27,3
LF:5
LH:5
end_of_record
SF:lib\features\home_widgets\domain\usecases\update_widget_stats_usecase.dart
DA:11,1
DA:24,1
DA:28,1
DA:32,2
DA:33,1
DA:39,2
DA:40,1
DA:46,2
DA:47,1
DA:53,2
DA:54,1
DA:55,1
DA:56,1
LF:13
LH:13
end_of_record
SF:lib\features\live_activity\data\models\live_activity_model.dart
DA:20,1
DA:22,1
DA:23,1
DA:26,2
DA:27,1
DA:28,1
DA:29,1
DA:30,2
DA:31,1
DA:35,1
DA:36,1
DA:37,1
DA:38,1
DA:39,1
DA:40,2
DA:41,1
LF:16
LH:16
end_of_record
SF:lib\features\live_activity\data\models\live_activity_model.g.dart
DA:9,1
DA:11,1
DA:12,1
DA:13,2
DA:14,1
DA:16,2
DA:17,1
DA:18,1
DA:21,1
DA:23,1
DA:24,1
DA:25,2
DA:26,2
DA:27,1
DA:28,1
LF:15
LH:15
end_of_record
SF:lib\features\live_activity\domain\entities\live_activity_entity.dart
DA:18,4
DA:22,1
DA:23,2
DA:24,2
DA:28,9
DA:31,3
DA:34,3
DA:37,1
DA:38,1
DA:39,1
DA:40,2
DA:41,5
DA:45,1
DA:47,3
DA:50,4
DA:53,3
DA:71,2
DA:72,2
DA:73,2
DA:74,2
DA:75,2
DA:76,2
DA:81,2
DA:82,2
LF:24
LH:24
end_of_record
SF:lib\features\live_activity\domain\usecases\complete_activity_use_case.dart
DA:9,1
DA:15,1
DA:17,2
DA:19,1
DA:20,2
DA:21,1
DA:22,1
DA:28,2
LF:8
LH:8
end_of_record
SF:lib\features\live_activity\domain\usecases\start_activity_use_case.dart
DA:9,1
DA:15,1
DA:17,2
DA:19,1
DA:20,2
DA:21,1
DA:22,1
DA:29,2
LF:8
LH:8
end_of_record
SF:lib\features\home_widgets\presentation\widgets\widget_preview.dart
DA:9,2
DA:28,2
DA:30,2
DA:32,2
DA:33,4
DA:34,4
DA:35,2
DA:36,4
DA:37,2
DA:38,2
DA:39,4
DA:42,2
DA:43,2
DA:44,4
DA:50,2
DA:52,2
DA:57,2
DA:58,2
DA:60,2
DA:61,2
DA:62,2
DA:63,2
DA:64,2
DA:65,2
DA:66,2
DA:67,1
DA:68,1
DA:72,2
DA:73,2
DA:75,2
DA:76,2
DA:77,4
DA:78,6
DA:79,4
DA:84,2
DA:86,6
DA:87,4
DA:94,2
DA:95,2
DA:97,2
DA:98,2
DA:99,2
DA:100,2
DA:102,4
DA:106,2
DA:108,6
DA:109,4
DA:116,2
DA:118,2
DA:119,2
DA:121,2
DA:122,2
DA:123,4
DA:124,6
DA:125,4
DA:129,2
DA:131,6
DA:132,4
DA:137,4
DA:138,1
DA:140,1
DA:141,1
DA:142,4
DA:143,3
DA:144,2
DA:148,1
DA:150,3
DA:151,2
DA:162,2
DA:163,2
DA:165,2
DA:166,2
DA:167,2
DA:168,2
DA:170,4
DA:174,2
DA:176,6
DA:177,4
DA:186,2
DA:188,2
DA:189,4
DA:190,2
DA:192,2
DA:193,2
DA:194,2
DA:195,4
DA:196,6
DA:197,4
DA:202,2
DA:204,6
DA:205,4
DA:215,2
DA:216,2
DA:217,8
DA:218,2
DA:220,4
DA:224,2
DA:225,4
DA:226,6
DA:227,4
DA:232,2
DA:233,4
DA:234,2
DA:236,4
DA:240,2
DA:241,4
DA:242,6
DA:243,4
DA:253,1
DA:254,1
DA:256,1
DA:258,1
DA:259,1
DA:260,1
DA:262,2
DA:266,1
DA:268,1
DA:269,1
DA:271,3
DA:272,2
DA:276,1
DA:277,2
DA:278,3
DA:279,2
DA:290,1
DA:291,1
DA:293,1
DA:294,1
DA:296,1
DA:297,2
DA:298,1
DA:300,1
DA:302,1
DA:303,1
DA:304,2
DA:305,3
DA:306,2
DA:310,1
DA:312,3
DA:313,2
DA:321,4
DA:323,1
DA:324,1
DA:326,1
DA:327,2
DA:328,1
DA:330,1
DA:332,1
DA:333,1
DA:334,2
DA:335,3
DA:336,2
DA:340,1
DA:342,3
DA:343,2
DA:354,2
DA:356,1
DA:357,1
DA:358,1
DA:360,2
DA:364,1
DA:365,3
DA:366,3
DA:367,2
DA:377,2
DA:378,2
DA:379,2
DA:381,4
DA:383,2
DA:384,2
DA:385,2
DA:386,0
DA:388,2
DA:392,2
DA:394,2
DA:395,2
DA:396,2
DA:397,1
DA:401,2
DA:403,2
DA:404,2
DA:405,2
DA:406,1
LF:183
LH:182
end_of_record
SF:lib\features\home_widgets\presentation\providers\home_widgets_notifiers.dart
DA:17,1
DA:19,3
DA:20,2
DA:22,1
DA:23,0
DA:24,1
DA:29,0
DA:30,0
DA:31,0
DA:32,0
DA:34,0
DA:36,0
DA:38,0
DA:39,0
DA:41,0
DA:42,0
DA:43,0
DA:48,1
DA:55,3
DA:57,1
DA:65,1
DA:67,1
DA:68,1
DA:72,1
DA:74,6
DA:81,0
DA:86,0
DA:88,0
DA:94,0
DA:96,0
DA:97,0
DA:100,0
DA:102,0
DA:103,0
DA:104,0
DA:105,0
DA:114,1
DA:119,1
DA:120,3
DA:123,1
DA:124,3
DA:127,1
DA:128,3
DA:131,0
DA:132,0
DA:135,1
DA:136,1
DA:142,2
DA:154,1
DA:160,1
DA:161,1
DA:162,1
DA:163,1
DA:164,1
LF:54
LH:29
end_of_record
SF:lib\features\home_widgets\presentation\providers\home_widgets_notifiers.g.dart
DA:9,1
DA:13,0
DA:15,1
DA:17,2
DA:19,4
DA:20,2
DA:23,1
DA:25,4
DA:27,2
DA:28,4
DA:48,1
DA:51,1
DA:54,1
DA:59,0
DA:63,0
DA:64,0
DA:70,0
DA:75,0
DA:79,0
DA:87,1
DA:89,1
DA:90,3
DA:103,1
DA:111,1
DA:115,1
DA:119,1
DA:120,1
DA:124,0
DA:126,0
DA:128,0
DA:129,0
DA:130,0
DA:135,0
DA:140,1
DA:143,1
DA:146,1
DA:148,4
DA:151,1
DA:153,3
DA:154,3
DA:156,1
DA:169,1
DA:171,0
DA:172,0
DA:175,1
DA:180,3
LF:46
LH:31
end_of_record
SF:lib\features\home_widgets\presentation\providers\home_widgets_providers.dart
DA:21,1
DA:24,1
DA:25,1
DA:28,0
DA:30,0
DA:33,1
DA:35,1
DA:39,0
DA:41,0
DA:45,0
DA:47,0
DA:50,1
DA:52,1
DA:54,3
DA:57,1
DA:59,1
DA:61,2
DA:64,0
DA:66,0
DA:67,0
DA:68,0
DA:69,0
DA:75,2
DA:76,2
DA:77,2
DA:78,1
DA:81,2
DA:82,2
DA:84,1
DA:88,4
DA:89,2
DA:90,2
DA:92,1
DA:99,4
DA:100,2
DA:101,1
DA:104,4
DA:105,2
DA:106,1
DA:109,0
DA:110,0
DA:111,0
DA:112,0
DA:115,0
DA:116,0
DA:117,0
DA:118,0
DA:122,3
DA:123,0
LF:49
LH:29
end_of_record
SF:lib\features\home_widgets\presentation\screens\widget_config_screen.dart
DA:13,0
DA:20,1
DA:22,2
DA:23,3
DA:25,1
DA:26,1
DA:28,1
DA:29,1
DA:30,2
DA:35,1
DA:37,1
DA:38,1
DA:40,1
DA:42,1
DA:43,1
DA:45,1
DA:47,1
DA:48,1
DA:50,3
DA:53,1
DA:54,1
DA:55,1
DA:56,1
DA:57,1
DA:58,1
DA:61,1
DA:71,1
DA:73,3
DA:76,1
DA:77,1
DA:78,1
DA:80,3
DA:81,1
DA:87,1
DA:89,3
DA:92,1
DA:93,1
DA:94,1
DA:96,3
DA:97,1
DA:103,1
DA:105,3
DA:108,1
DA:109,1
DA:110,1
DA:111,1
DA:113,3
DA:116,3
DA:117,2
DA:118,1
DA:119,3
DA:120,1
DA:123,1
DA:125,3
DA:128,3
DA:129,2
DA:130,0
DA:131,0
DA:132,0
DA:140,1
DA:141,2
DA:142,1
DA:144,1
DA:146,1
DA:147,1
DA:148,2
DA:149,3
DA:151,2
DA:153,3
DA:156,1
DA:157,1
DA:158,1
DA:159,2
DA:163,1
DA:164,6
DA:173,1
DA:179,0
DA:180,0
DA:182,0
DA:193,1
DA:194,2
DA:195,4
DA:197,1
DA:198,1
DA:199,1
DA:200,1
DA:201,1
DA:202,1
DA:206,4
DA:208,1
DA:209,2
DA:214,2
DA:217,1
DA:218,2
DA:228,1
DA:230,1
DA:231,1
DA:232,1
DA:233,0
DA:239,1
DA:240,4
LF:101
LH:93
end_of_record
SF:lib\features\home_widgets\presentation\widgets\widget_size_selector.dart
DA:8,1
DA:17,1
DA:19,1
DA:20,1
DA:22,1
DA:23,1
DA:24,1
DA:26,2
DA:27,2
DA:28,1
DA:29,3
DA:30,1
DA:31,1
DA:32,1
DA:33,1
DA:34,1
DA:35,1
DA:37,3
DA:38,3
DA:39,1
DA:41,1
DA:42,3
DA:47,1
DA:48,1
DA:49,3
DA:50,1
DA:52,3
DA:53,3
DA:61,1
DA:62,2
DA:63,1
DA:67,3
DA:68,3
DA:74,1
DA:77,1
DA:78,2
DA:79,3
DA:88,1
DA:90,1
DA:91,1
DA:92,1
DA:93,1
DA:97,1
DA:99,1
DA:100,1
DA:101,1
DA:102,1
DA:106,1
DA:108,1
DA:109,1
DA:110,1
DA:111,0
LF:52
LH:51
end_of_record
SF:lib\features\home_widgets\presentation\widgets\widget_tap_action_selector.dart
DA:8,1
DA:17,1
DA:19,1
DA:20,1
DA:22,1
DA:23,1
DA:24,2
DA:25,2
DA:26,1
DA:27,1
DA:28,1
DA:30,3
DA:31,3
DA:33,1
DA:34,1
DA:35,1
DA:39,3
DA:40,3
DA:43,2
DA:45,1
DA:47,3
DA:50,3
DA:53,4
DA:54,1
DA:55,1
DA:59,1
DA:60,1
DA:62,1
DA:63,3
DA:64,1
DA:66,1
DA:67,1
DA:68,1
DA:71,3
DA:74,1
DA:75,1
DA:76,3
DA:77,4
DA:79,3
DA:93,1
DA:95,1
DA:96,1
DA:97,1
DA:98,1
DA:102,1
DA:104,1
DA:105,1
DA:106,1
DA:107,1
LF:49
LH:49
end_of_record
SF:lib\features\loading_skeletons\presentation\widgets\skeleton_chart_simple.dart
DA:6,1
DA:17,1
DA:19,1
DA:20,1
DA:22,1
DA:24,1
DA:25,2
DA:27,1
DA:29,1
DA:31,1
DA:39,1
DA:40,1
DA:42,1
DA:44,1
DA:46,1
DA:48,1
DA:50,2
DA:61,1
DA:62,1
DA:65,3
DA:67,1
DA:68,3
DA:70,1
DA:71,1
DA:73,1
DA:76,1
DA:77,1
DA:78,1
DA:79,1
DA:89,1
DA:106,2
DA:108,1
DA:109,1
DA:111,2
DA:113,1
DA:115,1
DA:116,1
DA:119,1
DA:123,1
LF:39
LH:39
end_of_record
SF:lib\features\quick_actions\data\models\quick_action_model.dart
DA:7,3
DA:19,1
DA:20,1
DA:21,1
DA:22,1
DA:23,1
DA:24,1
DA:28,1
DA:29,1
DA:30,1
DA:31,1
DA:32,1
DA:33,1
DA:38,2
DA:39,1
DA:40,1
DA:41,1
DA:42,1
DA:46,3
DA:47,3
DA:48,3
DA:49,3
DA:50,3
DA:51,3
DA:54,1
DA:57,1
DA:58,3
DA:59,3
DA:60,3
DA:61,3
DA:64,1
DA:66,5
DA:69,1
DA:71,5
LF:34
LH:34
end_of_record
SF:lib\features\quick_actions\domain\entities\quick_action_entity.dart
DA:5,3
DA:18,5
DA:20,3
DA:21,3
DA:22,3
DA:24,1
DA:27,1
DA:28,3
DA:29,3
DA:30,3
DA:31,3
DA:34,0
DA:36,0
DA:39,0
DA:41,0
LF:15
LH:11
end_of_record
SF:lib\features\quick_actions\domain\usecases\initialize_quick_actions_use_case.dart
DA:10,3
DA:14,3
DA:16,6
DA:17,3
DA:20,3
DA:43,6
LF:6
LH:6
end_of_record
SF:lib\features\quick_actions\domain\usecases\listen_quick_actions_use_case.dart
DA:10,3
DA:14,3
DA:16,9
DA:18,2
LF:4
LH:4
end_of_record
SF:lib\features\quick_actions\presentation\handlers\quick_actions_handler.dart
DA:11,0
DA:12,0
DA:13,0
DA:17,1
DA:21,1
DA:23,3
DA:24,1
DA:25,1
DA:29,1
DA:30,1
DA:31,1
DA:33,1
DA:34,1
DA:36,1
DA:37,1
DA:40,3
DA:41,1
DA:46,1
DA:49,2
DA:57,0
DA:58,0
DA:61,1
DA:63,1
DA:64,0
DA:67,1
DA:69,2
DA:77,0
DA:78,0
LF:28
LH:20
end_of_record
SF:lib\features\reachability\data\datasources\reachability_local_datasource.dart
DA:20,2
DA:27,2
DA:30,6
DA:31,2
DA:33,4
DA:34,6
DA:36,2
DA:37,4
DA:42,6
DA:46,2
DA:50,2
DA:53,6
DA:56,2
DA:57,2
DA:59,0
DA:63,2
DA:67,4
DA:68,8
DA:71,6
DA:72,4
DA:73,4
DA:74,4
DA:79,0
DA:83,2
DA:87,6
DA:90,5
DA:91,2
DA:92,4
DA:94,0
DA:98,2
DA:101,2
DA:102,6
DA:103,2
DA:104,2
DA:105,4
DA:106,4
DA:107,4
DA:108,4
DA:109,4
DA:110,2
DA:111,2
DA:113,6
DA:115,0
DA:119,2
DA:122,2
DA:123,4
DA:127,2
DA:128,4
DA:130,2
DA:131,2
DA:132,2
DA:133,2
DA:134,2
DA:135,2
DA:136,2
DA:137,2
DA:139,2
DA:140,8
DA:141,0
DA:143,2
DA:145,2
DA:149,0
DA:153,2
DA:154,10
LF:64
LH:58
end_of_record
SF:lib\features\reachability\data\models\reachability_audit_report_model.dart
DA:29,4
DA:31,3
DA:32,3
DA:34,4
DA:35,2
DA:36,2
DA:37,2
DA:38,6
DA:39,10
DA:40,10
DA:41,4
DA:42,10
DA:45,2
DA:47,2
DA:48,2
DA:49,2
DA:50,2
DA:51,4
DA:52,4
DA:54,10
DA:55,2
DA:56,6
DA:57,2
DA:58,4
DA:59,2
DA:60,6
DA:61,2
LF:27
LH:27
end_of_record
SF:lib\features\reachability\data\models\reachability_audit_report_model.g.dart
DA:9,3
DA:11,3
DA:12,3
DA:13,6
DA:14,3
DA:15,6
DA:16,6
DA:17,3
DA:18,7
DA:19,3
DA:20,3
DA:21,5
DA:22,3
DA:24,6
DA:25,3
DA:26,2
DA:27,1
DA:28,1
DA:31,3
DA:33,3
DA:34,3
DA:35,6
DA:36,3
DA:37,3
DA:38,3
DA:39,3
DA:40,3
DA:41,3
DA:42,3
LF:29
LH:29
end_of_record
SF:lib\features\reachability\data\models\audit_summary_model.dart
DA:21,5
DA:23,4
DA:24,4
DA:26,6
DA:27,3
DA:28,3
DA:29,3
DA:30,3
DA:31,3
DA:32,3
DA:35,3
DA:36,3
DA:37,3
DA:38,3
DA:39,3
DA:40,3
DA:41,3
DA:42,3
LF:18
LH:18
end_of_record
SF:lib\features\reachability\data\models\audit_summary_model.g.dart
DA:9,4
DA:11,4
DA:12,8
DA:13,8
DA:14,8
DA:15,8
DA:16,8
DA:17,8
DA:20,3
DA:22,3
DA:23,3
DA:24,3
DA:25,3
DA:26,3
DA:27,3
DA:28,3
LF:16
LH:16
end_of_record
SF:lib\features\reachability\data\models\ui_element_model.dart
DA:26,4
DA:28,3
DA:29,3
DA:31,6
DA:32,3
DA:33,3
DA:34,15
DA:35,6
DA:36,3
DA:37,3
DA:38,3
DA:41,6
DA:42,3
DA:43,3
DA:44,6
DA:45,6
DA:46,6
DA:47,6
DA:48,6
DA:49,3
DA:50,3
DA:51,3
DA:55,3
DA:56,3
DA:57,1
DA:58,1
DA:59,1
DA:60,1
DA:61,1
DA:62,1
DA:63,1
DA:67,3
DA:68,3
DA:69,1
DA:70,1
DA:71,1
DA:72,1
DA:73,1
DA:74,1
DA:75,1
DA:76,1
LF:41
LH:41
end_of_record
SF:lib\features\reachability\data\models\ui_element_model.g.dart
DA:9,3
DA:10,3
DA:11,3
DA:12,3
DA:13,6
DA:14,6
DA:15,6
DA:16,6
DA:17,3
DA:18,3
DA:19,3
DA:20,3
DA:23,2
DA:25,2
DA:26,2
DA:27,2
DA:28,2
DA:29,2
DA:30,2
DA:31,2
DA:32,2
DA:33,2
DA:34,2
DA:35,2
LF:24
LH:24
end_of_record
SF:lib\features\reachability\domain\entities\reachability_zone.dart
DA:11,6
DA:22,6
DA:25,12
DA:28,2
DA:29,4
DA:31,4
DA:32,6
DA:33,2
DA:35,6
DA:36,4
DA:52,1
DA:53,1
DA:54,1
DA:55,1
DA:56,1
DA:59,1
DA:60,1
DA:61,1
DA:62,1
DA:63,1
DA:67,1
DA:68,1
DA:69,1
DA:70,1
DA:71,1
LF:25
LH:25
end_of_record
SF:lib\features\reachability\data\models\audit_recommendation_model.dart
DA:20,3
DA:22,2
DA:23,2
DA:25,6
DA:26,3
DA:27,6
DA:28,3
DA:29,3
DA:30,3
DA:33,3
DA:34,3
DA:35,3
DA:36,6
DA:37,3
DA:38,3
DA:39,3
DA:43,3
DA:44,3
DA:45,3
DA:46,2
DA:47,2
DA:48,1
DA:52,3
DA:53,3
DA:54,3
DA:55,2
DA:56,2
DA:57,1
LF:28
LH:28
end_of_record
SF:lib\features\reachability\data\models\audit_recommendation_model.g.dart
DA:9,2
DA:11,2
DA:12,2
DA:13,2
DA:14,2
DA:15,4
DA:16,2
DA:19,1
DA:21,1
DA:22,1
DA:23,1
DA:24,1
DA:25,1
DA:26,1
LF:14
LH:14
end_of_record
SF:lib\features\reachability\domain\entities\reachability_audit_report.dart
DA:13,6
DA:27,1
DA:28,1
DA:29,2
DA:30,1
DA:31,3
DA:32,1
DA:36,1
DA:37,1
DA:38,3
DA:39,1
DA:43,1
DA:44,1
DA:45,3
DA:46,1
DA:50,1
DA:51,2
DA:53,5
DA:54,1
DA:57,2
DA:58,3
DA:59,1
DA:60,1
DA:61,1
DA:63,2
DA:67,3
DA:102,1
DA:103,1
DA:104,1
DA:105,1
DA:106,1
DA:107,1
DA:110,2
DA:111,2
DA:112,2
DA:113,2
DA:114,2
DA:115,1
LF:38
LH:38
end_of_record
SF:lib\features\reachability\data\models\reachability_zone_model.dart
DA:24,3
DA:26,2
DA:27,2
DA:29,6
DA:30,3
DA:31,3
DA:32,15
DA:33,6
DA:34,3
DA:37,3
DA:38,3
DA:39,3
DA:40,3
DA:41,6
DA:42,6
DA:43,6
DA:44,6
DA:45,6
DA:46,3
DA:50,3
DA:51,3
DA:52,1
DA:53,1
DA:54,1
DA:58,3
DA:59,3
DA:60,1
DA:61,1
DA:62,1
LF:29
LH:29
end_of_record
SF:lib\features\reachability\data\models\reachability_zone_model.g.dart
DA:9,2
DA:11,2
DA:12,2
DA:13,2
DA:14,4
DA:15,4
DA:16,4
DA:17,4
DA:18,2
DA:19,2
DA:22,1
DA:24,1
DA:25,1
DA:26,1
DA:27,1
DA:28,1
DA:29,1
DA:30,1
DA:31,1
DA:32,1
LF:20
LH:20
end_of_record
SF:lib\features\reachability\domain\entities\ui_element.dart
DA:12,4
DA:25,1
DA:26,4
DA:27,4
DA:31,3
DA:33,12
DA:34,9
DA:35,3
DA:37,3
DA:40,3
DA:41,2
DA:44,1
DA:51,1
DA:52,4
DA:53,1
DA:56,2
DA:57,2
DA:58,1
DA:66,3
DA:67,3
DA:68,7
DA:69,4
DA:76,3
DA:77,3
DA:78,9
DA:79,9
DA:96,1
DA:97,1
DA:98,1
DA:99,1
DA:100,1
DA:101,1
DA:102,1
DA:103,1
DA:104,1
DA:105,1
DA:108,1
DA:109,1
DA:110,1
DA:111,1
DA:112,1
LF:41
LH:41
end_of_record
SF:lib\features\quick_tagging\presentation\widgets\tag_suggestion_chips.dart
DA:9,1
DA:13,1
DA:15,4
DA:16,2
DA:18,1
DA:19,1
DA:31,0
DA:32,0
DA:33,1
DA:34,1
DA:35,1
DA:36,1
DA:37,1
DA:40,1
DA:41,1
DA:42,1
DA:43,1
DA:45,1
DA:46,2
DA:47,2
DA:48,1
DA:49,3
DA:50,2
DA:55,1
DA:57,0
DA:69,0
DA:70,0
DA:73,0
DA:74,0
DA:75,0
DA:76,0
DA:77,0
DA:79,0
DA:80,0
DA:81,0
DA:83,0
DA:86,0
DA:87,0
DA:92,0
DA:95,0
DA:96,0
DA:109,0
DA:112,0
DA:114,0
DA:116,0
DA:117,0
DA:121,0
DA:129,0
DA:139,0
DA:141,0
DA:143,0
DA:144,0
DA:148,0
DA:150,0
DA:159,0
DA:160,0
DA:162,0
DA:163,0
DA:164,0
DA:165,0
DA:166,0
DA:168,0
DA:171,0
DA:172,0
DA:176,0
DA:178,0
DA:179,0
LF:67
LH:22
end_of_record
SF:lib\features\reachability\data\datasources\reachability_zone_factory.dart
DA:8,1
DA:12,1
DA:13,1
DA:14,1
DA:26,2
DA:27,2
DA:28,2
DA:30,1
DA:32,1
DA:35,1
DA:39,1
DA:47,1
DA:50,1
DA:54,1
DA:62,1
DA:65,1
DA:69,1
DA:77,1
DA:80,1
DA:94,0
DA:99,0
DA:100,0
DA:104,0
DA:105,0
DA:106,0
DA:107,0
DA:110,0
DA:111,0
DA:112,0
DA:114,0
DA:116,0
DA:118,0
DA:127,0
DA:129,0
DA:139,0
DA:140,0
DA:146,0
DA:153,0
DA:154,0
DA:155,0
DA:158,0
DA:159,0
DA:161,0
DA:162,0
DA:163,0
DA:164,0
DA:165,0
DA:166,0
DA:169,0
DA:172,0
DA:175,0
DA:176,0
DA:177,0
DA:178,0
DA:179,0
DA:181,0
DA:182,0
DA:185,0
DA:190,0
DA:192,0
DA:210,0
LF:61
LH:19
end_of_record
SF:lib\features\reachability\data\repositories\reachability_repository_impl.dart
DA:17,1
DA:26,1
DA:30,2
DA:31,4
DA:32,1
DA:34,2
DA:38,0
DA:42,0
DA:44,0
DA:47,0
DA:49,0
DA:53,1
DA:57,1
DA:58,2
DA:59,2
DA:61,0
DA:65,0
DA:68,0
DA:71,0
DA:75,1
DA:79,2
DA:80,1
DA:82,2
DA:87,0
DA:91,0
DA:94,0
DA:95,0
DA:99,1
DA:107,1
DA:108,1
DA:109,1
DA:110,2
DA:111,0
DA:115,2
DA:118,1
DA:121,1
DA:124,1
DA:125,2
DA:126,1
DA:136,1
DA:138,0
DA:146,1
DA:148,4
DA:150,4
DA:151,1
DA:154,2
DA:155,2
DA:156,1
DA:157,1
DA:158,1
DA:161,4
DA:165,1
DA:167,2
DA:168,6
DA:170,1
DA:171,2
DA:174,1
DA:175,1
DA:176,1
DA:184,1
DA:186,1
DA:188,2
DA:189,1
DA:192,1
DA:193,1
DA:194,0
DA:195,0
DA:198,0
DA:199,0
DA:206,1
DA:207,0
DA:208,0
DA:210,0
DA:211,0
DA:217,1
DA:218,1
DA:219,2
DA:220,1
DA:222,2
DA:223,1
DA:228,2
DA:229,2
DA:230,1
DA:233,2
DA:234,1
DA:242,5
LF:86
LH:63
end_of_record
SF:lib\features\reachability\domain\usecases\perform_reachability_audit_use_case.dart
DA:12,1
DA:16,1
DA:21,2
LF:3
LH:3
end_of_record
SF:lib\features\reachability\domain\usecases\get_audit_reports_use_case.dart
DA:10,1
DA:14,1
DA:15,2
LF:3
LH:3
end_of_record
SF:lib\features\reachability\domain\usecases\save_audit_report_use_case.dart
DA:10,1
DA:14,1
DA:15,2
LF:3
LH:3
end_of_record
SF:lib\features\reachability\domain\usecases\get_reachability_zones_use_case.dart
DA:11,1
DA:15,1
DA:16,2
LF:3
LH:3
end_of_record
SF:lib\features\reachability\presentation\providers\reachability_providers.dart
DA:19,2
DA:20,2
DA:22,3
DA:24,0
DA:28,2
DA:29,2
DA:30,1
DA:31,0
DA:35,2
DA:36,1
DA:37,0
DA:38,0
DA:41,2
DA:42,2
DA:43,3
DA:44,0
DA:47,0
DA:48,0
DA:49,0
DA:50,0
DA:53,0
DA:54,0
DA:55,0
DA:56,0
DA:62,1
DA:64,4
DA:65,0
DA:67,0
DA:68,0
DA:69,0
DA:73,1
DA:74,1
DA:75,4
DA:78,0
DA:79,0
DA:83,0
DA:84,0
DA:86,0
DA:87,0
DA:88,0
DA:91,0
DA:96,3
DA:101,0
DA:102,0
DA:103,0
DA:104,0
DA:105,0
DA:107,0
DA:108,0
DA:109,0
DA:115,1
DA:118,1
DA:119,1
DA:122,1
DA:123,1
DA:126,1
DA:133,4
DA:135,1
DA:141,1
DA:142,1
DA:143,1
DA:144,1
DA:146,5
DA:155,0
DA:156,0
DA:160,0
DA:161,0
DA:163,0
DA:164,0
DA:165,0
DA:166,0
DA:168,0
DA:178,3
DA:184,4
DA:185,2
DA:189,0
DA:190,0
DA:191,0
DA:194,0
DA:195,0
DA:196,0
LF:81
LH:33
end_of_record
SF:lib\features\siri_shortcuts\domain\entities\siri_shortcuts_entity.dart
DA:11,9
DA:41,3
DA:42,3
DA:43,3
DA:46,12
DA:47,3
DA:51,8
DA:54,1
DA:55,1
DA:56,4
DA:57,1
DA:61,1
DA:62,2
DA:63,2
DA:64,1
DA:69,1
DA:70,2
DA:72,1
LF:18
LH:18
end_of_record
SF:lib\features\siri_shortcuts\domain\entities\siri_shortcut_type.dart
DA:10,3
DA:19,2
DA:20,2
DA:21,1
DA:25,2
DA:26,2
DA:27,1
DA:31,2
DA:32,2
DA:33,1
LF:10
LH:10
end_of_record
SF:lib\features\siri_shortcuts\domain\usecases\donate_shortcuts_use_case.dart
DA:9,2
DA:15,2
DA:17,4
DA:18,2
DA:19,2
DA:20,2
DA:28,2
DA:29,1
DA:30,0
DA:31,1
DA:32,1
DA:33,2
LF:12
LH:11
end_of_record
SF:lib\features\siri_shortcuts\domain\usecases\get_siri_shortcuts_use_case.dart
DA:10,3
DA:15,3
DA:16,6
LF:3
LH:3
end_of_record
SF:lib\features\siri_shortcuts\data\datasources\siri_shortcuts_local_data_source.dart
DA:30,3
DA:35,2
DA:37,6
DA:39,6
DA:40,2
DA:42,2
DA:45,2
DA:48,8
DA:49,2
DA:50,4
DA:53,2
DA:55,2
DA:57,8
DA:63,2
DA:65,2
DA:66,10
DA:68,2
DA:69,2
DA:71,2
DA:74,2
DA:77,2
DA:79,2
DA:80,8
DA:81,2
DA:84,1
DA:86,2
LF:26
LH:26
end_of_record
SF:lib\features\siri_shortcuts\data\models\siri_shortcuts_model.dart
DA:13,8
DA:26,3
DA:27,3
DA:30,4
DA:31,4
DA:32,4
DA:33,8
DA:34,4
DA:35,4
DA:36,4
DA:37,4
DA:38,4
DA:39,4
DA:44,4
DA:45,4
DA:46,4
DA:47,8
DA:48,4
DA:49,4
DA:50,4
DA:51,4
DA:52,4
DA:53,4
DA:58,4
DA:59,4
DA:61,4
DA:64,0
DA:69,4
DA:71,4
DA:72,4
DA:73,2
DA:78,8
LF:32
LH:31
end_of_record
SF:lib\features\siri_shortcuts\data\models\siri_shortcuts_model.g.dart
DA:9,3
DA:11,3
DA:12,3
DA:13,3
DA:14,6
DA:15,3
DA:17,6
DA:18,6
DA:19,3
DA:20,3
DA:21,3
DA:23,4
DA:26,3
DA:28,3
DA:29,3
DA:30,3
DA:31,6
DA:32,6
DA:33,3
DA:34,3
DA:35,3
DA:36,5
LF:22
LH:22
end_of_record
SF:lib\features\siri_shortcuts\data\datasources\siri_shortcuts_remote_data_source.dart
DA:27,1
DA:29,2
DA:32,2
DA:35,1
DA:37,1
DA:38,1
DA:44,0
DA:47,1
DA:49,2
DA:50,1
DA:54,2
DA:62,2
LF:12
LH:11
end_of_record
SF:lib\features\siri_shortcuts\data\repositories\siri_shortcuts_repository_impl.dart
DA:14,3
DA:22,2
DA:25,4
DA:26,10
DA:28,0
DA:32,2
DA:35,4
DA:37,2
DA:39,4
DA:41,0
DA:45,2
DA:50,4
DA:52,6
DA:53,6
DA:54,2
DA:55,2
DA:57,0
DA:61,2
DA:66,2
DA:67,4
DA:68,2
DA:70,0
DA:74,2
DA:79,2
DA:80,4
DA:81,2
DA:83,0
DA:87,2
DA:90,4
DA:93,0
DA:97,0
DA:102,0
DA:103,0
DA:106,0
DA:107,0
DA:108,0
DA:112,0
DA:116,0
DA:121,0
DA:122,0
DA:125,0
DA:126,0
DA:127,0
DA:128,0
DA:133,0
DA:137,1
DA:140,2
DA:141,1
DA:143,0
DA:147,1
DA:155,2
DA:162,2
DA:164,0
DA:165,0
DA:166,0
DA:167,0
DA:172,0
DA:176,2
DA:179,4
DA:181,6
DA:182,6
DA:183,2
DA:184,2
DA:186,0
DA:191,2
DA:193,4
DA:194,2
LF:67
LH:39
end_of_record
SF:lib\features\siri_shortcuts\domain\usecases\handle_shortcut_invocation_use_case.dart
DA:10,1
DA:16,1
DA:18,2
DA:19,1
DA:21,1
DA:24,1
DA:25,0
DA:26,1
DA:28,1
DA:30,0
LF:10
LH:8
end_of_record
SF:lib\features\siri_shortcuts\domain\usecases\initialize_default_shortcuts_use_case.dart
DA:11,1
DA:17,1
DA:19,2
DA:20,1
DA:21,0
DA:22,1
DA:29,0
DA:30,0
DA:31,0
DA:32,0
DA:33,0
DA:36,0
DA:37,0
DA:40,0
DA:43,0
DA:48,0
DA:49,0
DA:52,0
DA:55,0
DA:60,0
DA:61,0
DA:62,0
LF:22
LH:5
end_of_record
SF:lib\features\siri_shortcuts\presentation\widgets\siri_shortcuts_widget.dart
DA:10,2
DA:12,2
DA:14,4
DA:16,2
DA:17,2
DA:19,2
DA:22,2
DA:23,2
DA:24,2
DA:27,2
DA:29,6
DA:34,4
DA:39,1
DA:40,1
DA:42,1
DA:44,4
DA:46,2
DA:47,2
DA:48,2
DA:49,6
DA:60,1
DA:61,2
DA:70,2
DA:77,1
DA:78,3
DA:79,1
DA:80,1
DA:84,1
DA:86,1
DA:88,1
DA:89,1
DA:91,0
DA:92,0
DA:93,0
DA:94,1
DA:101,2
DA:108,1
DA:112,1
DA:114,1
DA:116,1
DA:117,2
DA:118,2
DA:119,0
DA:122,4
DA:123,1
DA:125,1
DA:126,4
DA:127,3
DA:129,0
DA:130,0
DA:131,0
DA:136,2
DA:137,0
DA:139,0
DA:151,1
DA:153,1
DA:155,1
DA:156,1
DA:158,1
DA:159,1
DA:160,0
DA:161,0
DA:167,1
DA:168,1
DA:170,1
DA:172,1
DA:173,1
DA:175,3
DA:190,1
DA:192,1
DA:194,1
DA:195,1
DA:197,1
DA:199,1
DA:200,1
DA:201,1
DA:204,1
DA:206,3
LF:78
LH:67
end_of_record
SF:lib\features\siri_shortcuts\presentation\providers\siri_shortcuts_providers.dart
DA:17,11
DA:19,2
DA:26,3
DA:27,0
DA:30,7
DA:31,3
DA:34,3
DA:35,0
DA:39,4
DA:40,2
DA:41,1
DA:43,1
DA:44,3
DA:45,1
DA:50,4
DA:51,2
DA:52,1
DA:54,1
DA:55,1
DA:56,1
DA:61,6
DA:62,6
DA:63,3
DA:75,3
DA:89,3
DA:96,3
DA:97,1
DA:98,3
DA:99,3
DA:100,3
DA:101,3
DA:107,6
DA:108,3
DA:114,3
DA:115,9
DA:119,9
DA:120,2
DA:121,2
DA:122,1
DA:123,2
DA:127,6
DA:128,2
DA:130,2
DA:131,2
DA:132,6
DA:134,2
DA:138,2
DA:139,6
DA:147,6
DA:149,2
DA:155,1
DA:156,2
DA:158,3
DA:161,3
DA:162,1
DA:164,1
DA:165,1
DA:166,3
DA:168,1
DA:171,1
DA:172,3
DA:174,1
DA:178,3
DA:180,1
DA:186,1
DA:188,3
DA:189,1
DA:191,1
DA:192,1
DA:193,4
DA:196,1
DA:199,4
DA:205,1
DA:206,1
DA:211,1
DA:212,1
DA:215,2
DA:216,1
LF:78
LH:76
end_of_record
SF:lib\features\spotlight_indexing\data\datasources\content_data_source.dart
DA:9,1
DA:12,1
DA:18,1
DA:35,1
DA:37,0
DA:42,1
DA:47,1
DA:48,1
DA:53,1
DA:57,2
DA:60,1
DA:65,1
DA:69,2
DA:89,1
DA:91,0
DA:96,1
DA:98,1
DA:99,1
DA:101,2
DA:102,4
DA:105,0
LF:21
LH:18
end_of_record
SF:lib\features\spotlight_indexing\data\models\spotlight_item_model.dart
DA:12,4
DA:28,1
DA:29,1
DA:34,2
DA:35,2
DA:36,2
DA:37,4
DA:38,2
DA:39,2
DA:40,2
DA:41,2
DA:42,2
DA:43,2
DA:44,2
DA:45,2
DA:50,2
DA:53,10
DA:59,2
DA:60,2
DA:62,2
DA:63,2
DA:64,2
DA:65,2
DA:66,2
DA:67,2
DA:68,2
DA:69,2
LF:27
LH:27
end_of_record
SF:lib\features\spotlight_indexing\data\models\spotlight_item_model.g.dart
DA:9,1
DA:11,1
DA:12,1
DA:13,1
DA:14,1
DA:15,1
DA:16,1
DA:17,2
DA:18,1
DA:19,1
DA:20,1
DA:21,1
DA:22,2
DA:23,1
DA:26,1
DA:28,1
DA:29,1
DA:30,1
DA:31,1
DA:32,1
DA:33,1
DA:34,1
DA:35,1
DA:36,1
DA:37,2
DA:38,1
LF:26
LH:26
end_of_record
SF:lib\features\spotlight_indexing\domain\entities\spotlight_item_entity.dart
DA:10,5
DA:46,1
DA:48,2
DA:52,1
DA:53,2
DA:54,5
DA:55,5
DA:56,1
DA:60,3
DA:61,15
DA:75,1
DA:76,1
DA:77,1
DA:81,1
DA:82,2
DA:83,2
LF:16
LH:16
end_of_record
SF:lib\features\spotlight_indexing\data\datasources\spotlight_service.dart
DA:13,1
DA:15,2
DA:16,1
DA:17,1
DA:18,1
DA:19,2
DA:20,2
DA:21,1
DA:22,2
DA:24,1
DA:25,1
DA:26,2
DA:27,2
DA:31,0
DA:32,0
DA:39,1
DA:41,3
DA:42,1
DA:43,1
DA:44,1
DA:45,2
DA:46,2
DA:47,1
DA:48,2
DA:49,1
DA:51,2
DA:52,1
DA:53,1
DA:54,2
DA:55,2
DA:59,0
DA:60,0
DA:67,1
DA:69,2
DA:70,1
DA:71,1
DA:72,2
DA:73,2
DA:77,0
DA:78,0
DA:85,1
DA:87,2
DA:88,1
DA:89,1
DA:90,2
DA:91,2
DA:95,0
DA:96,0
DA:103,1
DA:105,1
DA:106,1
DA:107,1
DA:108,2
DA:109,2
DA:113,0
DA:114,0
DA:121,1
DA:123,1
DA:132,1
DA:134,1
DA:136,1
LF:61
LH:51
end_of_record
SF:lib\features\spotlight_indexing\data\repositories\spotlight_indexing_repository_impl.dart
DA:13,1
DA:22,1
DA:25,2
DA:27,1
DA:32,1
DA:33,2
DA:36,1
DA:40,2
DA:42,1
DA:47,2
DA:48,2
DA:51,1
DA:53,2
DA:56,0
DA:58,0
DA:61,0
DA:65,0
DA:67,0
DA:68,0
DA:71,0
DA:73,0
DA:74,0
DA:75,0
DA:77,0
DA:78,0
DA:81,0
DA:83,0
DA:84,0
DA:90,1
DA:92,2
DA:95,0
DA:104,0
DA:107,0
DA:111,0
DA:113,0
DA:116,0
DA:118,0
DA:120,0
DA:123,0
DA:127,0
DA:130,1
DA:134,2
DA:137,1
DA:146,2
DA:148,1
DA:149,0
DA:152,2
DA:153,1
DA:154,1
DA:158,4
DA:161,1
DA:163,0
DA:164,0
LF:53
LH:25
end_of_record
SF:lib\features\spotlight_indexing\domain\usecases\index_spotlight_item.dart
DA:9,1
DA:13,1
DA:15,1
DA:22,2
LF:4
LH:4
end_of_record
SF:lib\features\spotlight_indexing\domain\usecases\deindex_spotlight_item.dart
DA:8,1
DA:12,1
DA:13,2
DA:20,2
LF:4
LH:4
end_of_record
SF:lib\features\spotlight_indexing\domain\usecases\batch_index_spotlight_items.dart
DA:9,1
DA:13,1
DA:14,1
DA:22,4
DA:24,1
DA:31,2
LF:6
LH:6
end_of_record
SF:lib\features\spotlight_indexing\domain\usecases\sync_spotlight_index.dart
DA:8,1
DA:12,1
DA:13,2
LF:3
LH:3
end_of_record
SF:lib\features\spotlight_indexing\domain\usecases\clear_spotlight_index.dart
DA:8,1
DA:12,1
DA:13,2
DA:14,2
DA:16,2
LF:5
LH:5
end_of_record
SF:lib\features\theming\domain\entities\theme_mode.dart
DA:15,1
DA:16,1
DA:17,1
DA:18,1
DA:19,1
DA:25,2
DA:26,2
LF:7
LH:7
end_of_record
SF:lib\features\theming\data\repositories\theme_repository_impl.dart
DA:11,4
DA:16,4
DA:19,8
DA:22,4
DA:24,1
DA:25,1
DA:27,0
DA:33,2
DA:37,6
DA:39,0
DA:43,2
DA:45,0
LF:12
LH:9
end_of_record
SF:lib\features\theming\domain\usecases\get_theme_preference_use_case.dart
DA:10,4
DA:16,4
DA:17,8
LF:3
LH:3
end_of_record
SF:lib\features\theming\domain\usecases\set_theme_preference_use_case.dart
DA:10,2
DA:15,2
DA:16,4
LF:3
LH:3
end_of_record
SF:lib\features\theming\presentation\providers\theme_provider.dart
DA:16,9
DA:19,0
DA:26,6
DA:27,6
DA:28,9
DA:31,2
DA:32,2
DA:33,3
DA:37,6
DA:38,6
DA:39,3
DA:43,12
DA:44,6
DA:45,6
DA:48,4
DA:49,4
DA:50,6
DA:51,1
DA:52,3
DA:57,11
DA:60,4
DA:67,6
DA:68,3
DA:74,0
DA:76,3
DA:77,3
DA:78,3
DA:80,12
DA:82,3
DA:83,3
DA:84,0
DA:86,0
DA:88,3
DA:89,3
DA:94,3
DA:97,1
DA:99,1
DA:103,4
DA:104,1
DA:105,0
DA:109,1
DA:117,3
DA:118,6
DA:119,3
LF:44
LH:39
end_of_record
SF:lib\features\undo_last\domain\usecases\undo_last_log_use_case.dart
DA:19,1
DA:34,1
DA:38,2
DA:40,1
DA:41,2
DA:42,1
DA:50,1
DA:51,2
DA:53,1
DA:62,3
DA:64,1
DA:65,2
DA:66,1
DA:71,2
DA:72,2
DA:81,1
DA:84,2
DA:86,1
DA:87,0
DA:88,1
DA:93,1
DA:94,2
DA:96,2
DA:100,0
DA:101,0
DA:111,1
DA:114,2
DA:116,1
DA:117,0
DA:118,1
DA:123,1
DA:124,2
DA:125,1
DA:127,1
DA:131,2
DA:135,0
DA:137,0
LF:37
LH:31
end_of_record
SF:lib\features\undo_last\presentation\providers\undo_last_providers.dart
DA:10,2
DA:11,1
DA:12,0
DA:13,0
DA:20,2
DA:21,2
DA:22,3
DA:23,1
DA:25,1
DA:26,1
DA:27,1
DA:33,2
DA:34,2
DA:35,3
DA:36,1
DA:38,1
DA:39,1
DA:40,1
DA:47,2
DA:54,1
DA:55,1
DA:56,1
DA:59,4
DA:60,1
DA:62,1
DA:63,1
DA:64,3
DA:66,1
DA:67,1
DA:70,4
DA:71,4
DA:74,4
DA:78,0
DA:83,3
DA:86,1
DA:87,3
DA:88,1
DA:95,4
DA:96,2
DA:97,1
DA:98,1
LF:41
LH:38
end_of_record
SF:lib\data\services\data_migration_service.dart
DA:21,0
DA:30,0
DA:31,0
DA:34,0
DA:35,0
DA:36,0
DA:41,0
DA:44,0
DA:46,0
DA:47,0
DA:48,0
DA:56,0
DA:57,0
DA:59,0
DA:60,0
DA:61,0
DA:62,0
DA:63,0
DA:65,0
DA:66,0
DA:67,0
DA:72,0
DA:73,0
DA:75,0
DA:76,0
DA:77,0
DA:80,0
DA:82,0
DA:85,0
DA:87,0
DA:88,0
DA:96,0
DA:98,0
DA:100,0
DA:101,0
DA:102,0
DA:103,0
DA:104,0
DA:109,0
DA:114,0
DA:117,0
DA:118,0
DA:120,0
DA:121,0
DA:125,0
DA:130,0
DA:132,0
DA:133,0
DA:136,0
DA:138,0
DA:139,0
DA:140,0
DA:141,0
DA:142,0
DA:144,0
DA:145,0
DA:146,0
DA:150,0
DA:151,0
DA:155,0
DA:156,0
DA:157,0
DA:160,0
DA:162,0
DA:163,0
DA:164,0
DA:169,0
DA:170,0
DA:171,0
DA:175,0
DA:177,0
DA:182,0
DA:183,0
DA:184,0
DA:186,0
DA:187,0
DA:188,0
DA:191,0
DA:192,0
DA:193,0
DA:197,0
DA:199,0
DA:205,0
DA:207,0
DA:208,0
DA:210,0
DA:212,0
DA:213,0
DA:217,0
DA:219,0
DA:220,0
DA:221,0
DA:222,0
DA:224,0
DA:225,0
DA:230,0
DA:231,0
DA:233,0
DA:234,0
DA:235,0
DA:241,0
DA:243,0
DA:244,0
DA:249,0
DA:250,0
DA:251,0
DA:262,0
DA:264,0
DA:266,0
DA:268,0
DA:269,0
DA:270,0
DA:271,0
DA:272,0
DA:273,0
DA:275,0
DA:276,0
DA:277,0
DA:278,0
DA:282,0
DA:291,0
DA:296,0
LF:122
LH:0
end_of_record
SF:lib\features\undo_last\presentation\widgets\undo_snackbar.dart
DA:19,1
DA:28,1
DA:29,1
DA:41,1
DA:43,1
DA:45,4
DA:48,2
DA:52,2
DA:55,2
DA:56,1
DA:61,1
DA:64,1
DA:67,1
DA:69,2
DA:70,2
DA:71,1
DA:74,1
DA:75,2
DA:77,1
DA:78,2
DA:79,2
DA:82,2
DA:83,1
DA:84,1
DA:90,1
DA:91,2
DA:92,1
DA:94,2
DA:97,1
DA:98,2
DA:103,1
DA:104,1
DA:106,2
DA:107,1
DA:110,2
DA:111,3
DA:114,1
DA:115,2
DA:119,7
DA:120,1
DA:123,1
DA:128,3
DA:129,1
DA:132,1
DA:133,2
DA:134,1
DA:137,1
DA:139,1
DA:141,1
DA:142,1
DA:143,6
DA:145,1
DA:146,1
DA:147,2
DA:152,1
DA:153,1
DA:154,1
DA:156,1
DA:157,1
DA:158,1
DA:167,1
DA:169,1
DA:171,1
DA:173,1
DA:181,1
DA:182,1
DA:183,2
DA:184,3
DA:185,1
DA:189,2
DA:196,1
DA:197,2
DA:198,2
DA:199,0
DA:200,0
DA:206,1
DA:216,1
DA:217,1
DA:219,1
DA:220,1
DA:221,1
DA:222,1
DA:227,1
DA:230,1
DA:232,1
DA:235,1
DA:247,1
DA:248,1
DA:251,1
DA:252,1
DA:253,1
DA:255,2
DA:267,1
DA:274,1
DA:278,1
DA:280,1
DA:281,1
DA:282,1
LF:98
LH:96
end_of_record
SF:lib\main.dart
DA:10,0
DA:11,0
DA:14,0
DA:16,0
DA:17,0
DA:18,0
DA:19,0
DA:23,0
DA:35,2
DA:37,2
DA:39,4
DA:40,4
DA:42,2
DA:43,2
LF:14
LH:6
end_of_record
SF:lib\features\quick_actions\data\datasources\quick_actions_data_source.dart
DA:17,2
DA:23,2
DA:26,4
DA:28,0
DA:30,0
DA:35,2
DA:38,6
DA:39,2
DA:40,2
DA:41,2
DA:43,2
DA:45,4
DA:48,0
DA:50,0
DA:53,2
DA:54,4
DA:57,0
DA:59,0
DA:65,0
DA:71,0
DA:81,0
DA:82,0
LF:22
LH:12
end_of_record
SF:lib\features\quick_actions\data\repositories\quick_actions_repository_impl.dart
DA:12,2
DA:16,2
DA:19,4
DA:22,0
DA:30,0
DA:35,0
DA:55,0
DA:57,0
DA:65,2
DA:70,8
DA:72,4
DA:75,0
DA:83,0
DA:86,0
DA:89,0
DA:97,2
DA:98,4
LF:17
LH:8
end_of_record
SF:lib\features\quick_actions\presentation\providers\quick_actions_providers.dart
DA:13,8
DA:14,2
DA:18,8
DA:19,4
DA:20,2
DA:24,4
DA:25,4
DA:26,4
DA:27,2
DA:30,4
DA:31,4
DA:32,4
DA:33,2
DA:37,8
DA:38,4
DA:39,2
DA:41,2
DA:42,0
DA:43,2
DA:48,4
DA:49,4
DA:50,2
DA:54,4
DA:55,2
DA:60,2
DA:62,6
DA:63,2
DA:65,0
DA:66,0
DA:67,0
DA:70,0
LF:31
LH:26
end_of_record
SF:lib\features\quick_actions\presentation\widgets\quick_actions_listener.dart
DA:10,2
DA:17,2
DA:20,4
DA:21,0
DA:22,0
DA:24,0
DA:26,0
DA:28,0
DA:30,0
DA:32,0
DA:38,4
DA:39,0
DA:40,0
DA:42,0
DA:43,0
DA:45,0
DA:46,0
DA:48,0
DA:54,2
LF:19
LH:5
end_of_record
